2023-09-15 23:23:42.079 [info] Added views:workbench.panel.markers.view in workbench.panel.markers
2023-09-15 23:23:42.079 [info] Added views:workbench.panel.output in workbench.panel.output
2023-09-15 23:23:42.079 [info] Added views:terminal in terminal
2023-09-15 23:23:42.079 [info] Added views:workbench.scm in workbench.view.scm
2023-09-15 23:23:42.079 [info] Added views:workbench.view.search in workbench.view.search
2023-09-15 23:23:42.079 [info] Added views:outline in workbench.view.explorer
2023-09-15 23:23:42.079 [info] Added views:timeline in workbench.view.explorer
2023-09-15 23:23:42.079 [info] Added views:workbench.explorer.emptyView in workbench.view.explorer
2023-09-15 23:23:42.261 [info] Added views:workbench.debug.welcome in workbench.view.debug
2023-09-15 23:23:42.301 [info] Added views:~remote.forwardedPorts in ~remote.forwardedPortsContainer
2023-09-15 23:23:42.403 [info] Added views:workbench.panel.repl.view in workbench.panel.repl
2023-09-15 23:24:51.168 [info] Added views:workbench.panel.markers.view in workbench.panel.markers
2023-09-15 23:24:51.168 [info] Added views:workbench.panel.output in workbench.panel.output
2023-09-15 23:24:51.168 [info] Added views:terminal in terminal
2023-09-15 23:24:51.168 [info] Added views:outline in workbench.view.explorer
2023-09-15 23:24:51.168 [info] Added views:workbench.scm in workbench.view.scm
2023-09-15 23:24:51.168 [info] Added views:workbench.view.search in workbench.view.search
2023-09-15 23:24:51.168 [info] Added views:timeline in workbench.view.explorer
2023-09-15 23:24:51.168 [info] Added views:workbench.explorer.fileView in workbench.view.explorer
2023-09-15 23:24:51.323 [info] Added views:workbench.debug.variablesView,workbench.debug.watchExpressionsView,workbench.debug.callStackView,workbench.debug.breakPointsView in workbench.view.debug
2023-09-15 23:24:51.357 [info] Added views:~remote.forwardedPorts in ~remote.forwardedPortsContainer
2023-09-15 23:24:51.508 [info] Added views:workbench.panel.repl.view in workbench.panel.repl
2023-09-15 23:24:51.509 [info] Removed views:workbench.debug.breakPointsView,workbench.debug.callStackView,workbench.debug.watchExpressionsView,workbench.debug.variablesView from workbench.view.debug
2023-09-15 23:24:51.510 [info] Added views:workbench.debug.welcome in workbench.view.debug
2023-09-15 23:25:20.121 [info] Added views:workbench.views.extensions.installed,workbench.views.extensions.popular,extensions.recommendedList in workbench.view.extensions
2023-09-15 23:25:20.122 [info] Removed views:workbench.views.extensions.popular from workbench.view.extensions
2023-09-15 23:25:20.275 [info] Added views:workbench.views.extensions.popular in workbench.view.extensions
2023-09-15 23:25:23.241 [info] Removed views:extensions.recommendedList,workbench.views.extensions.popular,workbench.views.extensions.installed from workbench.view.extensions
2023-09-15 23:25:23.252 [info] Added views:workbench.views.extensions.marketplace in workbench.view.extensions
2023-09-15 23:25:40.310 [info] Added views:workbench.view.testing in workbench.view.extension.test
2023-09-15 23:25:40.322 [info] Added views:go.explorer in workbench.view.explorer
2023-09-15 23:29:48.771 [info] Removed views:workbench.view.testing from workbench.view.extension.test
