2023-09-17 18:59:59.137 [info] Extension host with pid 17171 started
2023-09-17 18:59:59.137 [info] Skipping acquiring lock for /home/x14n/.config/Code - OSS/User/workspaceStorage/81ae93d835728a1eef572822f814675a.
2023-09-17 18:59:59.243 [info] ExtensionService#_doActivateExtension vscode.emmet, startup: false, activationEvent: 'onLanguage'
2023-09-17 18:59:59.258 [info] ExtensionService#_doActivateExtension golang.go, startup: false, activationEvent: 'onLanguage:go'
2023-09-17 18:59:59.614 [info] ExtensionService#_doActivateExtension vscode.git-base, startup: true, activationEvent: '*', root cause: vscode.git
2023-09-17 18:59:59.652 [info] ExtensionService#_doActivateExtension vscode.git, startup: true, activationEvent: '*'
2023-09-17 18:59:59.705 [info] ExtensionService#_doActivateExtension vscode.github, startup: true, activationEvent: '*'
2023-09-17 18:59:59.756 [info] Eager extensions activated
2023-09-17 18:59:59.777 [info] ExtensionService#_doActivateExtension vscode.debug-auto-launch, startup: false, activationEvent: 'onStartupFinished'
2023-09-17 18:59:59.780 [info] ExtensionService#_doActivateExtension vscode.merge-conflict, startup: false, activationEvent: 'onStartupFinished'
2023-09-17 18:59:59.904 [info] ExtensionService#_doActivateExtension vscode.github-authentication, startup: false, activationEvent: 'onAuthenticationRequest:github'
2023-09-17 19:00:01.458 [info] ExtensionService#_doActivateExtension vscode.json-language-features, startup: false, activationEvent: 'onLanguage:jsonc'
2023-09-17 19:00:01.505 [info] ExtensionService#_doActivateExtension vscode.typescript-language-features, startup: false, activationEvent: 'onLanguage:jsonc'
2023-09-17 19:01:07.365 [error] [golang.go] provider FAILED
2023-09-17 19:01:07.370 [error] Error: semantictokens are disabled
	at handleResponse (/home/x14n/.vscode-oss/extensions/golang.go-0.39.1-universal/dist/goMain.js:2126:40)
	at handleMessage (/home/x14n/.vscode-oss/extensions/golang.go-0.39.1-universal/dist/goMain.js:1936:11)
	at processMessageQueue (/home/x14n/.vscode-oss/extensions/golang.go-0.39.1-universal/dist/goMain.js:1951:13)
	at Immediate.<anonymous> (/home/x14n/.vscode-oss/extensions/golang.go-0.39.1-universal/dist/goMain.js:1927:11)
	at process.processImmediate (node:internal/timers:476:21)
2023-09-17 19:01:07.383 [error] [golang.go] provider FAILED
2023-09-17 19:01:07.383 [error] Error: semantictokens are disabled
	at handleResponse (/home/x14n/.vscode-oss/extensions/golang.go-0.39.1-universal/dist/goMain.js:2126:40)
	at handleMessage (/home/x14n/.vscode-oss/extensions/golang.go-0.39.1-universal/dist/goMain.js:1936:11)
	at processMessageQueue (/home/x14n/.vscode-oss/extensions/golang.go-0.39.1-universal/dist/goMain.js:1951:13)
	at Immediate.<anonymous> (/home/x14n/.vscode-oss/extensions/golang.go-0.39.1-universal/dist/goMain.js:1927:11)
	at process.processImmediate (node:internal/timers:476:21)
2023-09-17 19:01:07.383 [error] [golang.go] provider FAILED
2023-09-17 19:01:07.383 [error] Error: semantictokens are disabled
	at handleResponse (/home/x14n/.vscode-oss/extensions/golang.go-0.39.1-universal/dist/goMain.js:2126:40)
	at handleMessage (/home/x14n/.vscode-oss/extensions/golang.go-0.39.1-universal/dist/goMain.js:1936:11)
	at processMessageQueue (/home/x14n/.vscode-oss/extensions/golang.go-0.39.1-universal/dist/goMain.js:1951:13)
	at Immediate.<anonymous> (/home/x14n/.vscode-oss/extensions/golang.go-0.39.1-universal/dist/goMain.js:1927:11)
	at process.processImmediate (node:internal/timers:476:21)
