INFO 9/15/2023, 5:14:46 PM  launch with argv [/usr/share/typora/Typora]
INFO 9/15/2023, 5:14:46 PM  launchFromDiffVersion, pre version is undefined
INFO 9/15/2023, 5:14:46 PM  start LM in devVersion=false
INFO 9/15/2023, 5:14:46 PM  [Raven] instanceKey = 4e2284c9-5994-4667-b6ee-cb8faf52216d
INFO 9/15/2023, 5:14:46 PM  [watch L]
INFO 9/15/2023, 5:14:46 PM  ls put SLicense
INFO 9/15/2023, 5:14:46 PM  [L] Read from incorrupted InstallDate
INFO 9/15/2023, 5:14:46 PM  writeInstallDate fromBTime=true
INFO 9/15/2023, 5:14:46 PM  overwriteThemeFolder
INFO 9/15/2023, 5:14:46 PM  ------------------start------------------
INFO 9/15/2023, 5:14:46 PM  typora version: 1.7.4
INFO 9/15/2023, 5:14:46 PM  undefined
INFO 9/15/2023, 5:14:46 PM  ls put IDate
INFO 9/15/2023, 5:14:46 PM  [L] installDate is 9/15/2023, trail remains: 15 days
INFO 9/15/2023, 5:14:46 PM  [watch L] hasL: false
INFO 9/15/2023, 5:14:46 PM  [focus] 1
INFO 9/15/2023, 5:14:46 PM  synced recovery
INFO 9/15/2023, 5:14:46 PM  [Raven] userId = 1c6a216a-f886-44e4-8639-a483f7740f94
user-dict.json not found
INFO 9/15/2023, 5:14:47 PM  handle document.loadData
INFO 9/15/2023, 5:14:47 PM  [RenderProcess 1][Log] [UndoManager] reset commandStack
INFO 9/15/2023, 5:14:47 PM  [RenderProcess 1][Log] reset NodeMap
INFO 9/15/2023, 5:14:47 PM  synced recovery
INFO 9/15/2023, 5:14:47 PM  [RenderProcess 1][Log] onBecomeActive
INFO 9/15/2023, 5:14:47 PM  [RenderProcess 1][Log] File.activeWindow = true
INFO 9/15/2023, 5:14:58 PM  synced recovery
INFO 9/15/2023, 5:15:01 PM  synced recovery
INFO 9/15/2023, 5:15:02 PM  [blur] 1
INFO 9/15/2023, 5:15:02 PM  [win] blur
INFO 9/15/2023, 5:15:02 PM  synced recovery
INFO 9/15/2023, 5:15:03 PM  [focus] 1
INFO 9/15/2023, 5:15:06 PM  updateTheme
INFO 9/15/2023, 5:15:14 PM  synced recovery
INFO 9/15/2023, 5:15:16 PM  synced recovery
INFO 9/15/2023, 5:15:20 PM  synced recovery
INFO 9/15/2023, 5:15:21 PM  synced recovery
INFO 9/15/2023, 5:15:25 PM  synced recovery
INFO 9/15/2023, 5:15:28 PM  synced recovery
INFO 9/15/2023, 5:15:30 PM  synced recovery
INFO 9/15/2023, 5:15:33 PM  synced recovery
INFO 9/15/2023, 5:15:39 PM  [blur] 1
INFO 9/15/2023, 5:15:39 PM  [win] blur
INFO 9/15/2023, 5:56:37 PM  synced recovery
INFO 9/15/2023, 5:56:37 PM  ----------------before-quit-----------------
ERROR 9/15/2023, 5:56:37 PM  render process is killed? true
INFO 9/17/2023, 3:15:51 AM  launch with argv [/usr/share/typora/Typora]
INFO 9/17/2023, 3:15:51 AM  start LM in devVersion=false
INFO 9/17/2023, 3:15:51 AM  [Raven] instanceKey = acd33f1b-f3c9-4fd7-8eb9-8a53b377ad27
INFO 9/17/2023, 3:15:51 AM  [watch L]
INFO 9/17/2023, 3:15:51 AM  ls put SLicense
INFO 9/17/2023, 3:15:51 AM  [L] installDate is 9/15/2023, trail remains: 13 days
INFO 9/17/2023, 3:15:51 AM  [watch L] hasL: false
INFO 9/17/2023, 3:15:51 AM  ------------------start------------------
INFO 9/17/2023, 3:15:51 AM  typora version: 1.7.4
INFO 9/17/2023, 3:15:51 AM  undefined
INFO 9/17/2023, 3:15:51 AM  updateTheme
user-dict.json not found
INFO 9/17/2023, 3:15:51 AM  launch from abnormal quit
INFO 9/17/2023, 3:15:51 AM  recoverWindow {"id":1,"path":"","untitledId":1694769287237,"type":"","useCRLF":false,"hasUnsaved":true,"scrollPos":0,"syncDate":1694769333417}
INFO 9/17/2023, 3:15:51 AM  [1] recover from content 2 


INFO 9/17/2023, 3:15:51 AM  [Raven] userId = 1c6a216a-f886-44e4-8639-a483f7740f94
INFO 9/17/2023, 3:15:51 AM  [focus] 1
INFO 9/17/2023, 3:15:51 AM  synced recovery
INFO 9/17/2023, 3:15:52 AM  handle document.loadData
INFO 9/17/2023, 3:15:52 AM  load from recover content length: 2
INFO 9/17/2023, 3:15:52 AM  [RenderProcess 1][Log] [UndoManager] reset commandStack
INFO 9/17/2023, 3:15:52 AM  [RenderProcess 1][Log] reset NodeMap
INFO 9/17/2023, 3:15:52 AM  [RenderProcess 1][Log] recoverFromBackup
INFO 9/17/2023, 3:15:52 AM  [RenderProcess 1][Log] onBecomeActive
INFO 9/17/2023, 3:15:52 AM  [RenderProcess 1][Log] File.activeWindow = true
INFO 9/17/2023, 3:15:53 AM  synced recovery
INFO 9/17/2023, 3:15:59 AM  [blur] 1
INFO 9/17/2023, 3:15:59 AM  [win] blur
INFO 9/17/2023, 3:16:01 AM  [focus] 1
INFO 9/17/2023, 3:16:01 AM  [blur] 1
INFO 9/17/2023, 3:16:01 AM  [win] blur
INFO 9/17/2023, 3:16:01 AM  [focus] 1
INFO 9/17/2023, 3:16:01 AM  [blur] 1
INFO 9/17/2023, 3:16:01 AM  [win] blur
INFO 9/17/2023, 3:16:03 AM  [focus] 1
INFO 9/17/2023, 3:16:20 AM  [blur] 1
INFO 9/17/2023, 3:16:20 AM  [win] blur
INFO 9/17/2023, 3:16:38 AM  got argv [typora, -help, --allow-file-access-from-files] from secondary instance
INFO 9/17/2023, 3:16:38 AM  synced recovery
INFO 9/17/2023, 3:16:38 AM  [focus] 2
INFO 9/17/2023, 3:16:38 AM  secondary instance would exit
INFO 9/17/2023, 3:16:38 AM  handle document.loadData
INFO 9/17/2023, 3:16:38 AM  [RenderProcess 2][Log] [UndoManager] reset commandStack
INFO 9/17/2023, 3:16:38 AM  [RenderProcess 2][Log] reset NodeMap
INFO 9/17/2023, 3:16:38 AM  synced recovery
INFO 9/17/2023, 3:16:38 AM  [RenderProcess 2][Log] onBecomeActive
INFO 9/17/2023, 3:16:38 AM  [RenderProcess 2][Log] File.activeWindow = true
INFO 9/17/2023, 3:16:47 AM  [focus] 1
INFO 9/17/2023, 3:16:49 AM  [blur] 1
INFO 9/17/2023, 3:16:49 AM  [win] blur
INFO 9/17/2023, 3:17:10 AM  [focus] 1
INFO 9/17/2023, 3:17:10 AM  [blur] 1
INFO 9/17/2023, 3:17:10 AM  [win] blur
INFO 9/17/2023, 3:17:11 AM  [focus] 1
INFO 9/17/2023, 3:17:11 AM  [blur] 1
INFO 9/17/2023, 3:17:11 AM  [win] blur
INFO 9/17/2023, 3:17:12 AM  [focus] 1
INFO 9/17/2023, 3:17:15 AM  [blur] 1
INFO 9/17/2023, 3:17:15 AM  [win] blur
INFO 9/17/2023, 3:17:16 AM  [focus] 1
INFO 9/17/2023, 3:17:16 AM  [blur] 1
INFO 9/17/2023, 3:17:16 AM  [win] blur
INFO 9/17/2023, 3:17:16 AM  [focus] 1
INFO 9/17/2023, 3:17:16 AM  [blur] 1
INFO 9/17/2023, 3:17:16 AM  [win] blur
INFO 9/17/2023, 3:17:16 AM  [focus] 1
INFO 9/17/2023, 3:17:19 AM  [blur] 1
INFO 9/17/2023, 3:17:19 AM  [win] blur
INFO 9/17/2023, 3:17:26 AM  [focus] 1
INFO 9/17/2023, 3:17:26 AM  [blur] 1
INFO 9/17/2023, 3:17:26 AM  [win] blur
INFO 9/17/2023, 3:17:27 AM  [focus] 1
INFO 9/17/2023, 3:17:27 AM  [blur] 1
INFO 9/17/2023, 3:17:27 AM  [win] blur
INFO 9/17/2023, 3:17:27 AM  [focus] 1
INFO 9/17/2023, 3:17:27 AM  [blur] 1
INFO 9/17/2023, 3:17:27 AM  [win] blur
INFO 9/17/2023, 3:17:27 AM  [focus] 1
INFO 9/17/2023, 3:17:27 AM  addRecentDocument
INFO 9/17/2023, 3:17:27 AM  synced recovery
INFO 9/17/2023, 3:17:27 AM  [blur] 1
INFO 9/17/2023, 3:17:27 AM  [win] blur
INFO 9/17/2023, 3:17:27 AM  [focus] 3
INFO 9/17/2023, 3:17:27 AM  handle document.loadData
INFO 9/17/2023, 3:17:27 AM  [RenderProcess 3][Log] [UndoManager] reset commandStack
INFO 9/17/2023, 3:17:27 AM  [RenderProcess 3][Log] reset NodeMap
INFO 9/17/2023, 3:17:27 AM  [RenderProcess 3][Log] readContentFrom /home/x14n/Documents/archLinux安装.md
INFO 9/17/2023, 3:17:27 AM  synced recovery
INFO 9/17/2023, 3:17:27 AM  [RenderProcess 3][Log] onBecomeActive
INFO 9/17/2023, 3:17:27 AM  [RenderProcess 3][Log] File.activeWindow = true
INFO 9/17/2023, 3:17:28 AM  [blur] 3
INFO 9/17/2023, 3:17:28 AM  [win] blur
INFO 9/17/2023, 3:17:28 AM  [focus] 1
INFO 9/17/2023, 3:17:32 AM  [focus] 3
INFO 9/17/2023, 3:17:42 AM  synced recovery
INFO 9/17/2023, 3:17:42 AM  ----------------before-quit-----------------
INFO 9/17/2023, 3:17:42 AM  ------------------will-quit------------------
INFO 9/17/2023, 3:17:42 AM  -----------------quit------------------
INFO 9/17/2023, 3:17:42 AM  closeLogging
INFO 9/17/2023, 3:21:12 AM  launch with argv [/usr/share/typora/Typora]
INFO 9/17/2023, 3:21:12 AM  start LM in devVersion=false
INFO 9/17/2023, 3:21:12 AM  [Raven] instanceKey = 818956e6-e4a9-45ea-81ce-2cfda9fa1df3
INFO 9/17/2023, 3:21:12 AM  [watch L]
INFO 9/17/2023, 3:21:12 AM  ls put SLicense
INFO 9/17/2023, 3:21:12 AM  [L] installDate is 9/15/2023, trail remains: 13 days
INFO 9/17/2023, 3:21:12 AM  [watch L] hasL: false
INFO 9/17/2023, 3:21:12 AM  ------------------start------------------
INFO 9/17/2023, 3:21:12 AM  typora version: 1.7.4
INFO 9/17/2023, 3:21:12 AM  undefined
INFO 9/17/2023, 3:21:12 AM  updateTheme
user-dict.json not found
INFO 9/17/2023, 3:21:12 AM  [focus] 1
INFO 9/17/2023, 3:21:12 AM  synced recovery
INFO 9/17/2023, 3:21:12 AM  [Raven] userId = 1c6a216a-f886-44e4-8639-a483f7740f94
INFO 9/17/2023, 3:21:13 AM  handle document.loadData
INFO 9/17/2023, 3:21:13 AM  [RenderProcess 1][Log] [UndoManager] reset commandStack
INFO 9/17/2023, 3:21:13 AM  [RenderProcess 1][Log] reset NodeMap
INFO 9/17/2023, 3:21:13 AM  synced recovery
INFO 9/17/2023, 3:21:13 AM  [RenderProcess 1][Log] onBecomeActive
INFO 9/17/2023, 3:21:13 AM  [RenderProcess 1][Log] File.activeWindow = true
INFO 9/17/2023, 3:21:17 AM  [blur] 1
INFO 9/17/2023, 3:21:17 AM  [win] blur
INFO 9/17/2023, 3:21:31 AM  [focus] 1
INFO 9/17/2023, 3:21:31 AM  [blur] 1
INFO 9/17/2023, 3:21:31 AM  [win] blur
INFO 9/17/2023, 3:21:31 AM  [focus] 1
INFO 9/17/2023, 3:21:31 AM  [blur] 1
INFO 9/17/2023, 3:21:31 AM  [win] blur
INFO 9/17/2023, 3:21:31 AM  [focus] 1
INFO 9/17/2023, 3:21:31 AM  addRecentDocument
INFO 9/17/2023, 3:21:31 AM  [RenderProcess 1][Log] [UndoManager] reset commandStack
INFO 9/17/2023, 3:21:31 AM  [RenderProcess 1][Log] reset NodeMap
INFO 9/17/2023, 3:21:31 AM  [RenderProcess 1][Log] readContentFrom /home/x14n/Documents/markdown/i3wm archlinux.md
INFO 9/17/2023, 3:21:31 AM  synced recovery
INFO 9/17/2023, 3:21:38 AM  updateTheme
INFO 9/17/2023, 3:21:40 AM  updateTheme
INFO 9/17/2023, 3:21:42 AM  updateTheme
INFO 9/17/2023, 3:21:52 AM  updateTheme
INFO 9/17/2023, 3:22:11 AM  synced recovery
INFO 9/17/2023, 3:22:15 AM  [blur] 1
INFO 9/17/2023, 3:22:15 AM  [win] blur
INFO 9/17/2023, 3:23:21 AM  [focus] 1
INFO 9/17/2023, 3:23:27 AM  synced recovery
INFO 9/17/2023, 3:23:31 AM  synced recovery
INFO 9/17/2023, 3:23:33 AM  synced recovery
INFO 9/17/2023, 3:23:36 AM  synced recovery
INFO 9/17/2023, 3:23:40 AM  synced recovery
INFO 9/17/2023, 3:23:45 AM  synced recovery
INFO 9/17/2023, 3:23:53 AM  synced recovery
INFO 9/17/2023, 3:23:55 AM  synced recovery
INFO 9/17/2023, 3:23:56 AM  synced recovery
INFO 9/17/2023, 3:23:57 AM  [blur] 1
INFO 9/17/2023, 3:23:57 AM  [win] blur
INFO 9/17/2023, 3:24:18 AM  [focus] 1
INFO 9/17/2023, 3:24:22 AM  synced recovery
INFO 9/17/2023, 3:24:28 AM  [blur] 1
INFO 9/17/2023, 3:24:28 AM  [win] blur
INFO 9/17/2023, 3:24:28 AM  synced recovery
INFO 9/17/2023, 3:24:43 AM  [focus] 1
INFO 9/17/2023, 3:24:46 AM  synced recovery
INFO 9/17/2023, 3:24:49 AM  synced recovery
INFO 9/17/2023, 3:24:56 AM  synced recovery
INFO 9/17/2023, 3:25:00 AM  synced recovery
INFO 9/17/2023, 3:25:02 AM  [blur] 1
INFO 9/17/2023, 3:25:02 AM  [win] blur
INFO 9/17/2023, 3:25:09 AM  [focus] 1
INFO 9/17/2023, 3:25:17 AM  synced recovery
INFO 9/17/2023, 3:25:19 AM  synced recovery
INFO 9/17/2023, 3:25:23 AM  synced recovery
INFO 9/17/2023, 3:25:25 AM  [blur] 1
INFO 9/17/2023, 3:25:25 AM  [win] blur
INFO 9/17/2023, 3:25:29 AM  [focus] 1
INFO 9/17/2023, 3:25:34 AM  synced recovery
INFO 9/17/2023, 3:25:45 AM  synced recovery
INFO 9/17/2023, 3:25:47 AM  [blur] 1
INFO 9/17/2023, 3:25:47 AM  [win] blur
INFO 9/17/2023, 3:25:50 AM  [focus] 1
INFO 9/17/2023, 3:25:52 AM  synced recovery
INFO 9/17/2023, 3:25:56 AM  synced recovery
INFO 9/17/2023, 3:26:01 AM  synced recovery
INFO 9/17/2023, 3:26:02 AM  [blur] 1
INFO 9/17/2023, 3:26:02 AM  [win] blur
INFO 9/17/2023, 3:26:23 AM  [focus] 1
INFO 9/17/2023, 3:26:23 AM  [blur] 1
INFO 9/17/2023, 3:26:23 AM  [win] blur
INFO 9/17/2023, 3:26:23 AM  [focus] 1
INFO 9/17/2023, 3:26:23 AM  [blur] 1
INFO 9/17/2023, 3:26:23 AM  [win] blur
INFO 9/17/2023, 3:26:23 AM  [focus] 1
INFO 9/17/2023, 3:26:25 AM  [blur] 1
INFO 9/17/2023, 3:26:25 AM  [win] blur
INFO 9/17/2023, 3:26:31 AM  [focus] 1
INFO 9/17/2023, 3:26:34 AM  [blur] 1
INFO 9/17/2023, 3:26:34 AM  [win] blur
INFO 9/17/2023, 3:26:36 AM  [focus] 1
INFO 9/17/2023, 3:26:36 AM  [blur] 1
INFO 9/17/2023, 3:26:36 AM  [win] blur
INFO 9/17/2023, 3:27:35 AM  [focus] 1
INFO 9/17/2023, 3:27:35 AM  [blur] 1
INFO 9/17/2023, 3:27:35 AM  [win] blur
INFO 9/17/2023, 3:27:54 AM  [focus] 1
INFO 9/17/2023, 3:27:54 AM  [blur] 1
INFO 9/17/2023, 3:27:54 AM  [win] blur
INFO 9/17/2023, 3:31:40 AM  [focus] 1
INFO 9/17/2023, 3:31:40 AM  [blur] 1
INFO 9/17/2023, 3:31:40 AM  [win] blur
INFO 9/17/2023, 3:32:02 AM  [focus] 1
INFO 9/17/2023, 3:32:02 AM  [blur] 1
INFO 9/17/2023, 3:32:02 AM  [win] blur
INFO 9/17/2023, 3:37:42 AM  [focus] 1
INFO 9/17/2023, 3:37:43 AM  synced recovery
INFO 9/17/2023, 3:37:44 AM  [blur] 1
INFO 9/17/2023, 3:37:44 AM  [win] blur
INFO 9/17/2023, 3:37:48 AM  synced recovery
INFO 9/17/2023, 3:37:48 AM  ----------------before-quit-----------------
INFO 9/17/2023, 10:44:21 AM  launch with argv [/usr/share/typora/Typora]
INFO 9/17/2023, 10:44:22 AM  start LM in devVersion=false
INFO 9/17/2023, 10:44:22 AM  [Raven] instanceKey = 6561c7cb-0c91-4437-9a81-e4f5a63d55b9
INFO 9/17/2023, 10:44:22 AM  [watch L]
INFO 9/17/2023, 10:44:22 AM  ls put SLicense
INFO 9/17/2023, 10:44:22 AM  [L] installDate is 9/15/2023, trail remains: 13 days
INFO 9/17/2023, 10:44:22 AM  [watch L] hasL: false
INFO 9/17/2023, 10:44:22 AM  ------------------start------------------
INFO 9/17/2023, 10:44:22 AM  typora version: 1.7.4
INFO 9/17/2023, 10:44:22 AM  undefined
INFO 9/17/2023, 10:44:22 AM  updateTheme
user-dict.json not found
INFO 9/17/2023, 10:44:22 AM  [Raven] userId = 1c6a216a-f886-44e4-8639-a483f7740f94
INFO 9/17/2023, 10:44:22 AM  [focus] 2
INFO 9/17/2023, 10:44:22 AM  synced recovery
INFO 9/17/2023, 10:44:22 AM  [blur] 2
INFO 9/17/2023, 10:44:22 AM  [win] blur
INFO 9/17/2023, 10:44:22 AM  [focus] 1
INFO 9/17/2023, 10:44:22 AM  handle document.loadData
INFO 9/17/2023, 10:44:22 AM  [RenderProcess 2][Log] [UndoManager] reset commandStack
INFO 9/17/2023, 10:44:22 AM  [RenderProcess 2][Log] reset NodeMap
INFO 9/17/2023, 10:44:22 AM  synced recovery
INFO 9/17/2023, 10:44:22 AM  [blur] 1
INFO 9/17/2023, 10:44:22 AM  [focus] 2
INFO 9/17/2023, 10:44:22 AM  [RenderProcess 2][Log] onBecomeActive
INFO 9/17/2023, 10:44:22 AM  [RenderProcess 2][Log] File.activeWindow = true
INFO 9/17/2023, 10:44:23 AM  [blur] 2
INFO 9/17/2023, 10:44:23 AM  [win] blur
INFO 9/17/2023, 10:44:23 AM  [focus] 1
INFO 9/17/2023, 10:44:24 AM  [focus] 2
INFO 9/17/2023, 10:44:26 AM  [blur] 2
INFO 9/17/2023, 10:44:26 AM  [win] blur
INFO 9/17/2023, 10:44:26 AM  [focus] 2
INFO 9/17/2023, 10:44:30 AM  [blur] 2
INFO 9/17/2023, 10:44:30 AM  [win] blur
INFO 9/17/2023, 10:44:54 AM  addRecentDocument
INFO 9/17/2023, 10:44:54 AM  [RenderProcess 2][Log] [UndoManager] reset commandStack
INFO 9/17/2023, 10:44:54 AM  [RenderProcess 2][Log] reset NodeMap
INFO 9/17/2023, 10:44:54 AM  [RenderProcess 2][Log] readContentFrom /home/x14n/Documents/archLinux安装.md
INFO 9/17/2023, 10:44:54 AM  synced recovery
INFO 9/17/2023, 10:44:55 AM  [focus] 2
INFO 9/17/2023, 10:44:59 AM  [blur] 2
INFO 9/17/2023, 10:44:59 AM  [win] blur
INFO 9/17/2023, 10:45:04 AM  addRecentDocument
INFO 9/17/2023, 10:45:04 AM  synced recovery
INFO 9/17/2023, 10:45:04 AM  [focus] 3
INFO 9/17/2023, 10:45:04 AM  handle document.loadData
INFO 9/17/2023, 10:45:04 AM  [RenderProcess 3][Log] [UndoManager] reset commandStack
INFO 9/17/2023, 10:45:04 AM  [RenderProcess 3][Log] reset NodeMap
INFO 9/17/2023, 10:45:04 AM  [RenderProcess 3][Log] readContentFrom /home/x14n/Documents/markdown/i3wm archlinux.md
INFO 9/17/2023, 10:45:04 AM  synced recovery
INFO 9/17/2023, 10:45:04 AM  [RenderProcess 3][Log] onBecomeActive
INFO 9/17/2023, 10:45:04 AM  [RenderProcess 3][Log] File.activeWindow = true
INFO 9/17/2023, 10:45:05 AM  [blur] 3
INFO 9/17/2023, 10:45:05 AM  [win] blur
INFO 9/17/2023, 10:45:05 AM  [focus] 2
INFO 9/17/2023, 10:45:07 AM  [focus] 3
INFO 9/17/2023, 10:45:07 AM  [blur] 3
INFO 9/17/2023, 10:45:07 AM  [win] blur
INFO 9/17/2023, 10:45:07 AM  [focus] 3
INFO 9/17/2023, 10:45:07 AM  [blur] 3
INFO 9/17/2023, 10:45:07 AM  [win] blur
INFO 9/17/2023, 10:45:07 AM  [focus] 3
INFO 9/17/2023, 10:45:32 AM  synced recovery
INFO 9/17/2023, 10:45:35 AM  synced recovery
INFO 9/17/2023, 10:45:37 AM  synced recovery
INFO 9/17/2023, 10:45:41 AM  synced recovery
INFO 9/17/2023, 10:45:42 AM  synced recovery
INFO 9/17/2023, 10:45:46 AM  synced recovery
INFO 9/17/2023, 10:45:50 AM  synced recovery
INFO 9/17/2023, 10:45:56 AM  synced recovery
INFO 9/17/2023, 10:45:58 AM  synced recovery
INFO 9/17/2023, 10:46:00 AM  synced recovery
INFO 9/17/2023, 10:46:06 AM  synced recovery
INFO 9/17/2023, 10:46:07 AM  synced recovery
INFO 9/17/2023, 10:46:10 AM  [blur] 3
INFO 9/17/2023, 10:46:10 AM  [win] blur
INFO 9/17/2023, 10:46:11 AM  [focus] 3
INFO 9/17/2023, 10:46:11 AM  [blur] 3
INFO 9/17/2023, 10:46:11 AM  [win] blur
INFO 9/17/2023, 10:46:53 AM  [focus] 3
INFO 9/17/2023, 10:46:53 AM  [blur] 3
INFO 9/17/2023, 10:46:53 AM  [win] blur
INFO 9/17/2023, 10:46:53 AM  [focus] 3
INFO 9/17/2023, 10:46:53 AM  [blur] 3
INFO 9/17/2023, 10:46:53 AM  [win] blur
INFO 9/17/2023, 10:46:54 AM  [focus] 3
INFO 9/17/2023, 10:46:58 AM  synced recovery
INFO 9/17/2023, 10:47:21 AM  synced recovery
INFO 9/17/2023, 10:47:23 AM  synced recovery
INFO 9/17/2023, 10:47:25 AM  synced recovery
INFO 9/17/2023, 10:47:29 AM  synced recovery
INFO 9/17/2023, 10:47:32 AM  synced recovery
INFO 9/17/2023, 10:47:36 AM  synced recovery
INFO 9/17/2023, 10:47:41 AM  synced recovery
INFO 9/17/2023, 10:47:44 AM  synced recovery
INFO 9/17/2023, 10:47:50 AM  synced recovery
INFO 9/17/2023, 10:47:55 AM  synced recovery
INFO 9/17/2023, 10:48:38 AM  synced recovery
INFO 9/17/2023, 10:48:39 AM  synced recovery
INFO 9/17/2023, 10:48:41 AM  synced recovery
INFO 9/17/2023, 10:48:42 AM  synced recovery
INFO 9/17/2023, 10:48:44 AM  synced recovery
INFO 9/17/2023, 10:48:45 AM  synced recovery
INFO 9/17/2023, 10:48:47 AM  synced recovery
INFO 9/17/2023, 10:48:49 AM  synced recovery
INFO 9/17/2023, 10:48:51 AM  synced recovery
INFO 9/17/2023, 10:49:00 AM  synced recovery
INFO 9/17/2023, 10:49:01 AM  synced recovery
INFO 9/17/2023, 10:49:08 AM  synced recovery
INFO 9/17/2023, 10:49:11 AM  synced recovery
INFO 9/17/2023, 10:49:12 AM  synced recovery
INFO 9/17/2023, 10:49:20 AM  synced recovery
INFO 9/17/2023, 10:49:33 AM  synced recovery
INFO 9/17/2023, 10:49:46 AM  [blur] 3
INFO 9/17/2023, 10:49:46 AM  [win] blur
INFO 9/17/2023, 10:49:47 AM  [focus] 3
INFO 9/17/2023, 10:49:48 AM  [blur] 3
INFO 9/17/2023, 10:49:48 AM  [win] blur
INFO 9/17/2023, 10:49:54 AM  [focus] 3
INFO 9/17/2023, 10:49:55 AM  [blur] 3
INFO 9/17/2023, 10:49:55 AM  [win] blur
INFO 9/17/2023, 10:49:57 AM  [focus] 3
INFO 9/17/2023, 10:50:04 AM  synced recovery
INFO 9/17/2023, 10:50:07 AM  synced recovery
INFO 9/17/2023, 10:50:08 AM  [blur] 3
INFO 9/17/2023, 10:50:08 AM  [win] blur
INFO 9/17/2023, 11:26:48 AM  [focus] 3
INFO 9/17/2023, 11:26:51 AM  synced recovery
INFO 9/17/2023, 11:26:54 AM  synced recovery
INFO 9/17/2023, 11:26:55 AM  [blur] 3
INFO 9/17/2023, 11:26:55 AM  [win] blur
INFO 9/17/2023, 11:29:43 AM  [focus] 3
INFO 9/17/2023, 11:29:44 AM  [blur] 3
INFO 9/17/2023, 11:29:44 AM  [win] blur
INFO 9/17/2023, 11:35:13 AM  [focus] 3
INFO 9/17/2023, 11:35:16 AM  [blur] 3
INFO 9/17/2023, 11:35:16 AM  [win] blur
INFO 9/17/2023, 11:40:38 AM  [focus] 3
INFO 9/17/2023, 11:40:39 AM  [blur] 3
INFO 9/17/2023, 11:40:39 AM  [win] blur
INFO 9/17/2023, 11:40:44 AM  [focus] 3
INFO 9/17/2023, 11:40:45 AM  [blur] 3
INFO 9/17/2023, 11:40:45 AM  [win] blur
INFO 9/17/2023, 11:56:35 AM  [focus] 3
INFO 9/17/2023, 11:56:38 AM  [blur] 3
INFO 9/17/2023, 11:56:38 AM  [win] blur
INFO 9/17/2023, 11:56:38 AM  synced recovery
INFO 9/17/2023, 11:56:42 AM  [focus] 3
INFO 9/17/2023, 11:56:50 AM  synced recovery
INFO 9/17/2023, 11:56:53 AM  [blur] 3
INFO 9/17/2023, 11:56:53 AM  [win] blur
INFO 9/17/2023, 11:59:34 AM  [focus] 3
INFO 9/17/2023, 11:59:38 AM  synced recovery
INFO 9/17/2023, 11:59:39 AM  synced recovery
INFO 9/17/2023, 11:59:43 AM  synced recovery
INFO 9/17/2023, 11:59:44 AM  [blur] 3
INFO 9/17/2023, 11:59:44 AM  [win] blur
INFO 9/17/2023, 12:08:01 PM  [focus] 3
INFO 9/17/2023, 12:08:04 PM  synced recovery
INFO 9/17/2023, 12:08:05 PM  [blur] 3
INFO 9/17/2023, 12:08:05 PM  [win] blur
INFO 9/17/2023, 12:14:53 PM  synced recovery
INFO 9/17/2023, 12:14:53 PM  ----------------before-quit-----------------
INFO 9/17/2023, 12:14:53 PM  [focus] 3
INFO 9/17/2023, 12:14:53 PM  [blur] 3
INFO 9/17/2023, 12:14:53 PM  [win] blur
INFO 9/17/2023, 12:14:53 PM  [focus] 3
INFO 9/17/2023, 12:18:09 PM  launch with argv [/usr/share/typora/Typora]
INFO 9/17/2023, 12:18:09 PM  start LM in devVersion=false
INFO 9/17/2023, 12:18:09 PM  [Raven] instanceKey = d3313e6f-39d2-45a3-9f33-2fcae5ca0a0d
INFO 9/17/2023, 12:18:09 PM  [watch L]
INFO 9/17/2023, 12:18:09 PM  ls put SLicense
INFO 9/17/2023, 12:18:09 PM  [L] installDate is 9/15/2023, trail remains: 13 days
INFO 9/17/2023, 12:18:09 PM  [watch L] hasL: false
INFO 9/17/2023, 12:18:09 PM  ------------------start------------------
INFO 9/17/2023, 12:18:09 PM  typora version: 1.7.4
INFO 9/17/2023, 12:18:09 PM  undefined
INFO 9/17/2023, 12:18:09 PM  updateTheme
user-dict.json not found
INFO 9/17/2023, 12:18:09 PM  launch from abnormal quit
INFO 9/17/2023, 12:18:09 PM  recoverWindow {"id":3,"path":"/home/x14n/Documents/markdown/i3wm archlinux.md","untitledId":1694918704501,"type":"","useCRLF":true,"hasUnsaved":true,"scrollPos":13632.533203125,"syncDate":1694923684845,"mountFolder":"/home/x14n/Documents/markdown"}
INFO 9/17/2023, 12:18:09 PM  [3] recover from content 8586 "# arch安装以及i3wm配...Master unmute
"
INFO 9/17/2023, 12:18:09 PM  addRecentDocument
INFO 9/17/2023, 12:18:09 PM  [focus] 1
INFO 9/17/2023, 12:18:09 PM  synced recovery
INFO 9/17/2023, 12:18:09 PM  [Raven] userId = 1c6a216a-f886-44e4-8639-a483f7740f94
INFO 9/17/2023, 12:18:09 PM  handle document.loadData
INFO 9/17/2023, 12:18:09 PM  load from recover content length: 8586
INFO 9/17/2023, 12:18:09 PM  [RenderProcess 1][Log] [UndoManager] reset commandStack
INFO 9/17/2023, 12:18:09 PM  [RenderProcess 1][Log] reset NodeMap
INFO 9/17/2023, 12:18:09 PM  [RenderProcess 1][Log] recoverFromBackup
INFO 9/17/2023, 12:18:09 PM  [RenderProcess 1][Log] onBecomeActive
INFO 9/17/2023, 12:18:09 PM  [RenderProcess 1][Log] File.activeWindow = true
INFO 9/17/2023, 12:18:10 PM  synced recovery
INFO 9/17/2023, 12:18:14 PM  [blur] 1
INFO 9/17/2023, 12:18:14 PM  [win] blur
INFO 9/17/2023, 12:25:46 PM  [focus] 1
INFO 9/17/2023, 12:25:55 PM  synced recovery
INFO 9/17/2023, 12:25:57 PM  [blur] 1
INFO 9/17/2023, 12:25:57 PM  [win] blur
INFO 9/17/2023, 12:26:07 PM  [focus] 1
INFO 9/17/2023, 12:26:11 PM  synced recovery
INFO 9/17/2023, 12:26:12 PM  [blur] 1
INFO 9/17/2023, 12:26:12 PM  [win] blur
INFO 9/17/2023, 12:28:00 PM  [focus] 1
INFO 9/17/2023, 12:28:05 PM  [blur] 1
INFO 9/17/2023, 12:28:05 PM  [win] blur
INFO 9/17/2023, 12:33:03 PM  synced recovery
INFO 9/17/2023, 12:33:03 PM  ----------------before-quit-----------------
INFO 9/17/2023, 12:57:23 PM  launch with argv [/usr/share/typora/Typora]
INFO 9/17/2023, 12:57:23 PM  start LM in devVersion=false
INFO 9/17/2023, 12:57:23 PM  [Raven] instanceKey = c9f73267-b2cc-4a19-b7d1-0b2d1d0436c8
INFO 9/17/2023, 12:57:23 PM  [watch L]
INFO 9/17/2023, 12:57:23 PM  ls put SLicense
INFO 9/17/2023, 12:57:23 PM  [L] installDate is 9/15/2023, trail remains: 13 days
INFO 9/17/2023, 12:57:23 PM  [watch L] hasL: false
INFO 9/17/2023, 12:57:23 PM  ------------------start------------------
INFO 9/17/2023, 12:57:23 PM  typora version: 1.7.4
INFO 9/17/2023, 12:57:23 PM  undefined
INFO 9/17/2023, 12:57:23 PM  updateTheme
user-dict.json not found
INFO 9/17/2023, 12:57:23 PM  [Raven] userId = 1c6a216a-f886-44e4-8639-a483f7740f94
INFO 9/17/2023, 12:57:23 PM  [focus] 1
INFO 9/17/2023, 12:57:23 PM  synced recovery
INFO 9/17/2023, 12:57:23 PM  [blur] 1
INFO 9/17/2023, 12:57:23 PM  [win] blur
INFO 9/17/2023, 12:57:23 PM  [focus] 2
INFO 9/17/2023, 12:57:24 PM  handle document.loadData
INFO 9/17/2023, 12:57:24 PM  [RenderProcess 1][Log] [UndoManager] reset commandStack
INFO 9/17/2023, 12:57:24 PM  [RenderProcess 1][Log] reset NodeMap
INFO 9/17/2023, 12:57:24 PM  synced recovery
INFO 9/17/2023, 12:57:24 PM  [blur] 2
INFO 9/17/2023, 12:57:24 PM  [focus] 1
INFO 9/17/2023, 12:57:24 PM  [RenderProcess 1][Log] onBecomeActive
INFO 9/17/2023, 12:57:24 PM  [RenderProcess 1][Log] File.activeWindow = true
INFO 9/17/2023, 12:57:24 PM  [blur] 1
INFO 9/17/2023, 12:57:24 PM  [win] blur
INFO 9/17/2023, 12:57:24 PM  [focus] 2
INFO 9/17/2023, 12:57:26 PM  [focus] 1
INFO 9/17/2023, 12:57:27 PM  [blur] 1
INFO 9/17/2023, 12:57:27 PM  [win] blur
INFO 9/17/2023, 12:57:27 PM  [focus] 1
INFO 9/17/2023, 12:57:33 PM  switchDocument 1 [/home/x14n/Documents/markdown/i3wm archlinux.md]
INFO 9/17/2023, 12:57:33 PM  addRecentDocument
INFO 9/17/2023, 12:57:33 PM  [RenderProcess 1][Log] File.activeWindow = true
INFO 9/17/2023, 12:57:33 PM  synced recovery
INFO 9/17/2023, 12:57:33 PM  [RenderProcess 1][Log] [UndoManager] reset commandStack
INFO 9/17/2023, 12:57:33 PM  [RenderProcess 1][Log] reset NodeMap
INFO 9/17/2023, 12:57:33 PM  [RenderProcess 1][Log] readContentFrom /home/x14n/Documents/markdown/i3wm archlinux.md
INFO 9/17/2023, 12:57:33 PM  synced recovery
INFO 9/17/2023, 12:58:44 PM  [blur] 1
INFO 9/17/2023, 12:58:44 PM  [win] blur
INFO 9/17/2023, 1:23:42 PM  [Power] suspend
INFO 9/17/2023, 1:23:42 PM  [Power] suspend
INFO 9/17/2023, 1:23:42 PM  [RenderProcess 1][Log] [powerMonitor] suspend
INFO 9/17/2023, 1:23:42 PM  [RenderProcess 1][Log] [powerMonitor] suspend
INFO 9/17/2023, 2:35:56 PM  [Power] resume
INFO 9/17/2023, 2:35:56 PM  [Power] resume
INFO 9/17/2023, 2:35:56 PM  [RenderProcess 1][Log] [powerMonitor] resume
INFO 9/17/2023, 2:35:56 PM  [RenderProcess 1][Log] [powerMonitor] resume
INFO 9/17/2023, 2:36:23 PM  [Power] suspend
INFO 9/17/2023, 2:36:23 PM  [Power] suspend
INFO 9/17/2023, 2:36:23 PM  [RenderProcess 1][Log] [powerMonitor] suspend
INFO 9/17/2023, 2:36:23 PM  [RenderProcess 1][Log] [powerMonitor] suspend
INFO 9/17/2023, 9:51:53 PM  [Power] resume
INFO 9/17/2023, 9:51:53 PM  [Power] resume
INFO 9/17/2023, 9:51:53 PM  [RenderProcess 1][Log] [powerMonitor] resume
INFO 9/17/2023, 9:51:53 PM  [RenderProcess 1][Log] [powerMonitor] resume
INFO 9/17/2023, 9:55:56 PM  [focus] 1
INFO 9/17/2023, 9:56:07 PM  [blur] 1
INFO 9/17/2023, 9:56:07 PM  [win] blur
INFO 9/17/2023, 9:56:07 PM  [focus] 1
INFO 9/17/2023, 9:56:17 PM  [blur] 1
INFO 9/17/2023, 9:56:17 PM  [win] blur
INFO 9/17/2023, 9:56:18 PM  synced recovery
INFO 9/17/2023, 9:56:18 PM  ----------------before-quit-----------------
INFO 9/17/2023, 9:56:19 PM  synced recovery
INFO 9/17/2023, 9:56:19 PM  ----------------before-quit-----------------
INFO 9/17/2023, 9:56:19 PM  ------------------will-quit------------------
INFO 9/17/2023, 9:56:19 PM  -----------------quit------------------
INFO 9/17/2023, 9:56:19 PM  closeLogging
