[2023-09-15 08:12:56.562] [140658508356544] [ERROR] [sogou] "GetOSInfo 317 /etc/os-version not existed"
[2023-09-15 08:12:56.562] [140658508356544] [ERROR] [sogou] "GetOSInfo 338 /etc/deepin-version not existed"
[2023-09-15 08:12:56.562] [140658508356544] [ERROR] [sogou] "GetOSInfo 317 /etc/os-version not existed"
[2023-09-15 08:12:56.562] [140658508356544] [ERROR] [sogou] "GetOSInfo 338 /etc/deepin-version not existed"
[2023-09-15 08:12:56.562] [140658508356544] [ERROR] [sogou] "GetOSInfo 317 /etc/os-version not existed"
[2023-09-15 08:12:56.562] [140658508356544] [ERROR] [sogou] "GetOSInfo 338 /etc/deepin-version not existed"
[2023-09-15 08:12:56.563] [140658508356544] [ERROR] [sogou] "IsValidDate 170 local:2023-9-15 pkg:9999-12-31"
[2023-09-15 08:12:56.564] [140658508356544] [ERROR] [sogou] "ComparDate 217 local:2023-09-15 pkg:1000-01-01"
[2023-09-15 08:12:56.564] [140658508356544] [ERROR] [sogou] "ComparDate 217 local:2023-09-15 pkg:9999-12-31"
[2023-09-15 08:12:56.564] [140658508356544] [ERROR] [sogou] "ComparDate 217 local:2023-09-15 pkg:1000-01-01"
[2023-09-15 08:12:56.564] [140658508356544] [ERROR] [sogou] "ComparDate 217 local:2023-09-15 pkg:9999-12-31"
[2023-09-15 08:12:56.594] [140658508356544] [ERROR] [sogou] "CheckSkins 1419 skindir:/home/x14n/.config/sogoupinyin//skin"
[2023-09-15 08:12:56.594] [140658508356544] [ERROR] [sogou] "creatDBusService 84 bRet:1"
[2023-09-15 08:12:56.595] [140658508356544] [ERROR] [sogou] "main 204"
[2023-09-15 08:12:56.597] [140658508356544] [ERROR] [sogou] "sendImeStartToBeacon 105"
[2023-09-15 08:12:56.611] [140658508356544] [ERROR] [sogou] "InitShell 220 ime init"
[2023-09-15 08:12:56.612] [140658508356544] [ERROR] [sogou] "ShellWrapper::Init Init 23 "
[2023-09-15 08:12:56.612] [140658508356544] [ERROR] [sogou] "ShellWrapper::Init Init 36 g_pShell->Init:1"
[2023-09-15 08:12:56.612] [140658508356544] [ERROR] [sogou] "t_sogouIme Init 115 ShellWrapper Res:1"
[2023-09-15 08:12:56.612] [140658508356544] [ERROR] [sogou] "t_sogouIme Init 144 Days:2913281 mode:0"
[2023-09-15 08:12:56.612] [140658508356544] [ERROR] [sogou] "t_sogouIme Init 148 White:0"
[2023-09-15 08:12:56.612] [140658508356544] [ERROR] [sogou] "InitShell 230 ime init:1"
[2023-09-15 08:12:56.939] [140658508356544] [ERROR] [sogou] "out platformkit QDBusMessage type error"
[2023-09-15 08:12:56.939] [140658508356544] [ERROR] [sogou] "The name com.deepin.daemon.Appearance was not provided by any .service files"
[2023-09-15 08:12:56.939] [140658508356544] [ERROR] [sogou] "out platformkit GetOSTheme iface is not Valid return null"
[2023-09-15 08:14:45.725] [140658508356544] [ERROR] [sogou] "out platformkit QDBusMessage type error"
[2023-09-15 08:14:45.725] [140658508356544] [ERROR] [sogou] "The name com.deepin.daemon.Appearance was not provided by any .service files"
[2023-09-15 08:14:45.725] [140658508356544] [ERROR] [sogou] "out platformkit GetOSTheme iface is not Valid return null"
[2023-09-15 08:18:33.707] [140312403319744] [ERROR] [sogou] "GetOSInfo 317 /etc/os-version not existed"
[2023-09-15 08:18:33.707] [140312403319744] [ERROR] [sogou] "GetOSInfo 338 /etc/deepin-version not existed"
[2023-09-15 08:18:33.707] [140312403319744] [ERROR] [sogou] "GetOSInfo 317 /etc/os-version not existed"
[2023-09-15 08:18:33.707] [140312403319744] [ERROR] [sogou] "GetOSInfo 338 /etc/deepin-version not existed"
[2023-09-15 08:18:33.707] [140312403319744] [ERROR] [sogou] "GetOSInfo 317 /etc/os-version not existed"
[2023-09-15 08:18:33.707] [140312403319744] [ERROR] [sogou] "GetOSInfo 338 /etc/deepin-version not existed"
[2023-09-15 08:18:33.708] [140312403319744] [ERROR] [sogou] "IsValidDate 170 local:2023-9-15 pkg:9999-12-31"
[2023-09-15 08:18:33.708] [140312403319744] [ERROR] [sogou] "ComparDate 217 local:2023-09-15 pkg:1000-01-01"
[2023-09-15 08:18:33.708] [140312403319744] [ERROR] [sogou] "ComparDate 217 local:2023-09-15 pkg:9999-12-31"
[2023-09-15 08:18:33.708] [140312403319744] [ERROR] [sogou] "ComparDate 217 local:2023-09-15 pkg:1000-01-01"
[2023-09-15 08:18:33.708] [140312403319744] [ERROR] [sogou] "ComparDate 217 local:2023-09-15 pkg:9999-12-31"
[2023-09-15 08:18:33.739] [140312403319744] [ERROR] [sogou] "CheckSkins 1419 skindir:/home/x14n/.config/sogoupinyin//skin"
[2023-09-15 08:18:33.739] [140312403319744] [ERROR] [sogou] "creatDBusService 84 bRet:1"
[2023-09-15 08:18:33.740] [140312403319744] [ERROR] [sogou] "main 204"
[2023-09-15 08:18:33.742] [140312403319744] [ERROR] [sogou] "sendImeStartToBeacon 105"
[2023-09-15 08:18:33.744] [140312403319744] [ERROR] [sogou] "InitShell 220 ime init"
[2023-09-15 08:18:33.745] [140312403319744] [ERROR] [sogou] "ShellWrapper::Init Init 23 "
[2023-09-15 08:18:33.746] [140312403319744] [ERROR] [sogou] "ShellWrapper::Init Init 36 g_pShell->Init:1"
[2023-09-15 08:18:33.746] [140312403319744] [ERROR] [sogou] "t_sogouIme Init 115 ShellWrapper Res:1"
[2023-09-15 08:18:33.746] [140312403319744] [ERROR] [sogou] "t_sogouIme Init 144 Days:2913281 mode:0"
[2023-09-15 08:18:33.746] [140312403319744] [ERROR] [sogou] "t_sogouIme Init 148 White:0"
[2023-09-15 08:18:33.746] [140312403319744] [ERROR] [sogou] "InitShell 230 ime init:1"
[2023-09-15 08:18:34.082] [140312403319744] [ERROR] [sogou] "out platformkit QDBusMessage type error"
[2023-09-15 08:18:34.082] [140312403319744] [ERROR] [sogou] "The name com.deepin.daemon.Appearance was not provided by any .service files"
[2023-09-15 08:18:34.082] [140312403319744] [ERROR] [sogou] "out platformkit GetOSTheme iface is not Valid return null"
[2023-09-15 08:19:03.735] [140312403319744] [ERROR] [sogou] "out platformkit QDBusMessage type error"
[2023-09-15 08:19:03.736] [140312403319744] [ERROR] [sogou] "The name com.deepin.daemon.Appearance was not provided by any .service files"
[2023-09-15 08:19:03.736] [140312403319744] [ERROR] [sogou] "out platformkit GetOSTheme iface is not Valid return null"
[2023-09-15 09:57:42.704] [140437364173760] [ERROR] [sogou] "GetOSInfo 317 /etc/os-version not existed"
[2023-09-15 09:57:42.704] [140437364173760] [ERROR] [sogou] "GetOSInfo 338 /etc/deepin-version not existed"
[2023-09-15 09:57:42.704] [140437364173760] [ERROR] [sogou] "GetOSInfo 317 /etc/os-version not existed"
[2023-09-15 09:57:42.704] [140437364173760] [ERROR] [sogou] "GetOSInfo 338 /etc/deepin-version not existed"
[2023-09-15 09:57:42.705] [140437364173760] [ERROR] [sogou] "GetOSInfo 317 /etc/os-version not existed"
[2023-09-15 09:57:42.705] [140437364173760] [ERROR] [sogou] "GetOSInfo 338 /etc/deepin-version not existed"
[2023-09-15 09:57:42.706] [140437364173760] [ERROR] [sogou] "IsValidDate 170 local:2023-9-15 pkg:9999-12-31"
[2023-09-15 09:57:42.706] [140437364173760] [ERROR] [sogou] "ComparDate 217 local:2023-09-15 pkg:1000-01-01"
[2023-09-15 09:57:42.706] [140437364173760] [ERROR] [sogou] "ComparDate 217 local:2023-09-15 pkg:9999-12-31"
[2023-09-15 09:57:42.706] [140437364173760] [ERROR] [sogou] "ComparDate 217 local:2023-09-15 pkg:1000-01-01"
[2023-09-15 09:57:42.706] [140437364173760] [ERROR] [sogou] "ComparDate 217 local:2023-09-15 pkg:9999-12-31"
[2023-09-15 09:57:42.737] [140437364173760] [ERROR] [sogou] "CheckSkins 1419 skindir:/home/x14n/.config/sogoupinyin//skin"
[2023-09-15 09:57:42.737] [140437364173760] [ERROR] [sogou] "creatDBusService 84 bRet:1"
[2023-09-15 09:57:42.738] [140437364173760] [ERROR] [sogou] "main 204"
[2023-09-15 09:57:42.740] [140437364173760] [ERROR] [sogou] "sendImeStartToBeacon 105"
[2023-09-15 09:57:42.742] [140437364173760] [ERROR] [sogou] "InitShell 220 ime init"
[2023-09-15 09:57:42.742] [140437364173760] [ERROR] [sogou] "ShellWrapper::Init Init 23 "
[2023-09-15 09:57:42.743] [140437364173760] [ERROR] [sogou] "ShellWrapper::Init Init 36 g_pShell->Init:1"
[2023-09-15 09:57:42.743] [140437364173760] [ERROR] [sogou] "t_sogouIme Init 115 ShellWrapper Res:1"
[2023-09-15 09:57:42.743] [140437364173760] [ERROR] [sogou] "t_sogouIme Init 144 Days:2913281 mode:0"
[2023-09-15 09:57:42.743] [140437364173760] [ERROR] [sogou] "t_sogouIme Init 148 White:0"
[2023-09-15 09:57:42.743] [140437364173760] [ERROR] [sogou] "InitShell 230 ime init:1"
[2023-09-15 09:57:43.080] [140437364173760] [ERROR] [sogou] "out platformkit QDBusMessage type error"
[2023-09-15 09:57:43.080] [140437364173760] [ERROR] [sogou] "The name com.deepin.daemon.Appearance was not provided by any .service files"
[2023-09-15 09:57:43.080] [140437364173760] [ERROR] [sogou] "out platformkit GetOSTheme iface is not Valid return null"
[2023-09-15 10:00:04.147] [140437364173760] [ERROR] [sogou] "(MainController::slot_prepareShutdown) 1694772004"
[2023-09-15 10:02:31.075] [139690003475392] [ERROR] [sogou] "GetOSInfo 317 /etc/os-version not existed"
[2023-09-15 10:02:31.075] [139690003475392] [ERROR] [sogou] "GetOSInfo 338 /etc/deepin-version not existed"
[2023-09-15 10:02:31.075] [139690003475392] [ERROR] [sogou] "GetOSInfo 317 /etc/os-version not existed"
[2023-09-15 10:02:31.075] [139690003475392] [ERROR] [sogou] "GetOSInfo 338 /etc/deepin-version not existed"
[2023-09-15 10:02:31.075] [139690003475392] [ERROR] [sogou] "GetOSInfo 317 /etc/os-version not existed"
[2023-09-15 10:02:31.075] [139690003475392] [ERROR] [sogou] "GetOSInfo 338 /etc/deepin-version not existed"
[2023-09-15 10:02:31.076] [139690003475392] [ERROR] [sogou] "IsValidDate 170 local:2023-9-15 pkg:9999-12-31"
[2023-09-15 10:02:31.076] [139690003475392] [ERROR] [sogou] "ComparDate 217 local:2023-09-15 pkg:1000-01-01"
[2023-09-15 10:02:31.076] [139690003475392] [ERROR] [sogou] "ComparDate 217 local:2023-09-15 pkg:9999-12-31"
[2023-09-15 10:02:31.076] [139690003475392] [ERROR] [sogou] "ComparDate 217 local:2023-09-15 pkg:1000-01-01"
[2023-09-15 10:02:31.076] [139690003475392] [ERROR] [sogou] "ComparDate 217 local:2023-09-15 pkg:9999-12-31"
[2023-09-15 10:02:31.108] [139690003475392] [ERROR] [sogou] "CheckSkins 1419 skindir:/home/x14n/.config/sogoupinyin//skin"
[2023-09-15 10:02:31.108] [139690003475392] [ERROR] [sogou] "creatDBusService 84 bRet:1"
[2023-09-15 10:02:31.109] [139690003475392] [ERROR] [sogou] "main 204"
[2023-09-15 10:02:31.111] [139690003475392] [ERROR] [sogou] "sendImeStartToBeacon 105"
[2023-09-15 10:02:31.113] [139690003475392] [ERROR] [sogou] "InitShell 220 ime init"
[2023-09-15 10:02:31.113] [139690003475392] [ERROR] [sogou] "ShellWrapper::Init Init 23 "
[2023-09-15 10:02:31.114] [139690003475392] [ERROR] [sogou] "ShellWrapper::Init Init 36 g_pShell->Init:1"
[2023-09-15 10:02:31.114] [139690003475392] [ERROR] [sogou] "t_sogouIme Init 115 ShellWrapper Res:1"
[2023-09-15 10:02:31.114] [139690003475392] [ERROR] [sogou] "t_sogouIme Init 144 Days:2913281 mode:0"
[2023-09-15 10:02:31.114] [139690003475392] [ERROR] [sogou] "t_sogouIme Init 148 White:0"
[2023-09-15 10:02:31.114] [139690003475392] [ERROR] [sogou] "InitShell 230 ime init:1"
[2023-09-15 10:02:31.455] [139690003475392] [ERROR] [sogou] "out platformkit QDBusMessage type error"
[2023-09-15 10:02:31.456] [139690003475392] [ERROR] [sogou] "The name com.deepin.daemon.Appearance was not provided by any .service files"
[2023-09-15 10:02:31.456] [139690003475392] [ERROR] [sogou] "out platformkit GetOSTheme iface is not Valid return null"
[2023-09-15 10:25:06.979] [139690003475392] [ERROR] [sogou] "(MainController::slot_prepareShutdown) 1694773506"
[2023-09-15 10:25:08.007] [139689921074880] [ERROR] [sogou] "(ServiceProcess CrashHandler) Program crashes, del wbd"
[2023-09-15 10:25:08.008] [139689921074880] [ERROR] [sogou] "(ServiceProcess CrashHandler) Program crashes, signal is 11."
[2023-09-15 10:25:08.009] [139690003475392] [ERROR] [sogou] "(ServiceProcess CrashHandler) Program crashes, del wbd"
[2023-09-15 10:25:08.009] [139690003475392] [ERROR] [sogou] "(ServiceProcess CrashHandler) Program crashes, signal is 6."
[2023-09-15 10:25:33.739] [140133039688640] [ERROR] [sogou] "GetOSInfo 317 /etc/os-version not existed"
[2023-09-15 10:25:33.740] [140133039688640] [ERROR] [sogou] "GetOSInfo 338 /etc/deepin-version not existed"
[2023-09-15 10:25:33.740] [140133039688640] [ERROR] [sogou] "GetOSInfo 317 /etc/os-version not existed"
[2023-09-15 10:25:33.740] [140133039688640] [ERROR] [sogou] "GetOSInfo 338 /etc/deepin-version not existed"
[2023-09-15 10:25:33.740] [140133039688640] [ERROR] [sogou] "GetOSInfo 317 /etc/os-version not existed"
[2023-09-15 10:25:33.740] [140133039688640] [ERROR] [sogou] "GetOSInfo 338 /etc/deepin-version not existed"
[2023-09-15 10:25:33.741] [140133039688640] [ERROR] [sogou] "IsValidDate 170 local:2023-9-15 pkg:9999-12-31"
[2023-09-15 10:25:33.741] [140133039688640] [ERROR] [sogou] "ComparDate 217 local:2023-09-15 pkg:1000-01-01"
[2023-09-15 10:25:33.741] [140133039688640] [ERROR] [sogou] "ComparDate 217 local:2023-09-15 pkg:9999-12-31"
[2023-09-15 10:25:33.741] [140133039688640] [ERROR] [sogou] "ComparDate 217 local:2023-09-15 pkg:1000-01-01"
[2023-09-15 10:25:33.741] [140133039688640] [ERROR] [sogou] "ComparDate 217 local:2023-09-15 pkg:9999-12-31"
[2023-09-15 10:25:33.772] [140133039688640] [ERROR] [sogou] "CheckSkins 1419 skindir:/home/x14n/.config/sogoupinyin//skin"
[2023-09-15 10:25:33.772] [140133039688640] [ERROR] [sogou] "creatDBusService 84 bRet:1"
[2023-09-15 10:25:33.773] [140133039688640] [ERROR] [sogou] "main 204"
[2023-09-15 10:25:33.776] [140133039688640] [ERROR] [sogou] "sendImeStartToBeacon 105"
[2023-09-15 10:25:33.778] [140133039688640] [ERROR] [sogou] "InitShell 220 ime init"
[2023-09-15 10:25:33.778] [140133039688640] [ERROR] [sogou] "ShellWrapper::Init Init 23 "
[2023-09-15 10:25:33.779] [140133039688640] [ERROR] [sogou] "ShellWrapper::Init Init 36 g_pShell->Init:1"
[2023-09-15 10:25:33.779] [140133039688640] [ERROR] [sogou] "t_sogouIme Init 115 ShellWrapper Res:1"
[2023-09-15 10:25:33.779] [140133039688640] [ERROR] [sogou] "t_sogouIme Init 144 Days:2913281 mode:0"
[2023-09-15 10:25:33.779] [140133039688640] [ERROR] [sogou] "t_sogouIme Init 148 White:0"
[2023-09-15 10:25:33.779] [140133039688640] [ERROR] [sogou] "InitShell 230 ime init:1"
[2023-09-15 10:25:34.114] [140133039688640] [ERROR] [sogou] "out platformkit QDBusMessage type error"
[2023-09-15 10:25:34.114] [140133039688640] [ERROR] [sogou] "The name com.deepin.daemon.Appearance was not provided by any .service files"
[2023-09-15 10:25:34.114] [140133039688640] [ERROR] [sogou] "out platformkit GetOSTheme iface is not Valid return null"
[2023-09-15 11:29:12.360] [140133039688640] [ERROR] [sogou] "out platformkit QDBusMessage type error"
[2023-09-15 11:29:12.361] [140133039688640] [ERROR] [sogou] "The name com.deepin.daemon.Appearance was not provided by any .service files"
[2023-09-15 11:29:12.361] [140133039688640] [ERROR] [sogou] "out platformkit GetOSTheme iface is not Valid return null"
[2023-09-15 12:14:58.892] [139920919055296] [ERROR] [sogou] "GetOSInfo 317 /etc/os-version not existed"
[2023-09-15 12:14:58.893] [139920919055296] [ERROR] [sogou] "GetOSInfo 338 /etc/deepin-version not existed"
[2023-09-15 12:14:58.893] [139920919055296] [ERROR] [sogou] "GetOSInfo 317 /etc/os-version not existed"
[2023-09-15 12:14:58.893] [139920919055296] [ERROR] [sogou] "GetOSInfo 338 /etc/deepin-version not existed"
[2023-09-15 12:14:58.893] [139920919055296] [ERROR] [sogou] "GetOSInfo 317 /etc/os-version not existed"
[2023-09-15 12:14:58.893] [139920919055296] [ERROR] [sogou] "GetOSInfo 338 /etc/deepin-version not existed"
[2023-09-15 12:14:58.894] [139920919055296] [ERROR] [sogou] "IsValidDate 170 local:2023-9-15 pkg:9999-12-31"
[2023-09-15 12:14:58.894] [139920919055296] [ERROR] [sogou] "ComparDate 217 local:2023-09-15 pkg:1000-01-01"
[2023-09-15 12:14:58.894] [139920919055296] [ERROR] [sogou] "ComparDate 217 local:2023-09-15 pkg:9999-12-31"
[2023-09-15 12:14:58.894] [139920919055296] [ERROR] [sogou] "ComparDate 217 local:2023-09-15 pkg:1000-01-01"
[2023-09-15 12:14:58.894] [139920919055296] [ERROR] [sogou] "ComparDate 217 local:2023-09-15 pkg:9999-12-31"
[2023-09-15 12:14:58.925] [139920919055296] [ERROR] [sogou] "CheckSkins 1419 skindir:/home/x14n/.config/sogoupinyin//skin"
[2023-09-15 12:14:58.925] [139920919055296] [ERROR] [sogou] "creatDBusService 84 bRet:1"
[2023-09-15 12:14:58.926] [139920919055296] [ERROR] [sogou] "main 204"
[2023-09-15 12:14:58.928] [139920919055296] [ERROR] [sogou] "sendImeStartToBeacon 105"
[2023-09-15 12:14:58.930] [139920919055296] [ERROR] [sogou] "InitShell 220 ime init"
[2023-09-15 12:14:58.930] [139920919055296] [ERROR] [sogou] "ShellWrapper::Init Init 23 "
[2023-09-15 12:14:58.931] [139920919055296] [ERROR] [sogou] "ShellWrapper::Init Init 36 g_pShell->Init:1"
[2023-09-15 12:14:58.931] [139920919055296] [ERROR] [sogou] "t_sogouIme Init 115 ShellWrapper Res:1"
[2023-09-15 12:14:58.931] [139920919055296] [ERROR] [sogou] "t_sogouIme Init 144 Days:2913281 mode:0"
[2023-09-15 12:14:58.931] [139920919055296] [ERROR] [sogou] "t_sogouIme Init 148 White:0"
[2023-09-15 12:14:58.931] [139920919055296] [ERROR] [sogou] "InitShell 230 ime init:1"
[2023-09-15 12:14:59.289] [139920919055296] [ERROR] [sogou] "out platformkit QDBusMessage type error"
[2023-09-15 12:14:59.289] [139920919055296] [ERROR] [sogou] "The name com.deepin.daemon.Appearance was not provided by any .service files"
[2023-09-15 12:14:59.289] [139920919055296] [ERROR] [sogou] "out platformkit GetOSTheme iface is not Valid return null"
[2023-09-15 12:23:53.544] [140347712555968] [ERROR] [sogou] "GetOSInfo 317 /etc/os-version not existed"
[2023-09-15 12:23:53.544] [140347712555968] [ERROR] [sogou] "GetOSInfo 338 /etc/deepin-version not existed"
[2023-09-15 12:23:53.544] [140347712555968] [ERROR] [sogou] "GetOSInfo 317 /etc/os-version not existed"
[2023-09-15 12:23:53.544] [140347712555968] [ERROR] [sogou] "GetOSInfo 338 /etc/deepin-version not existed"
[2023-09-15 12:23:53.544] [140347712555968] [ERROR] [sogou] "GetOSInfo 317 /etc/os-version not existed"
[2023-09-15 12:23:53.544] [140347712555968] [ERROR] [sogou] "GetOSInfo 338 /etc/deepin-version not existed"
[2023-09-15 12:23:53.545] [140347712555968] [ERROR] [sogou] "IsValidDate 170 local:2023-9-15 pkg:9999-12-31"
[2023-09-15 12:23:53.545] [140347712555968] [ERROR] [sogou] "ComparDate 217 local:2023-09-15 pkg:1000-01-01"
[2023-09-15 12:23:53.545] [140347712555968] [ERROR] [sogou] "ComparDate 217 local:2023-09-15 pkg:9999-12-31"
[2023-09-15 12:23:53.545] [140347712555968] [ERROR] [sogou] "ComparDate 217 local:2023-09-15 pkg:1000-01-01"
[2023-09-15 12:23:53.545] [140347712555968] [ERROR] [sogou] "ComparDate 217 local:2023-09-15 pkg:9999-12-31"
[2023-09-15 12:23:53.576] [140347712555968] [ERROR] [sogou] "CheckSkins 1419 skindir:/home/x14n/.config/sogoupinyin//skin"
[2023-09-15 12:23:53.576] [140347712555968] [ERROR] [sogou] "creatDBusService 84 bRet:1"
[2023-09-15 12:23:53.577] [140347712555968] [ERROR] [sogou] "main 204"
[2023-09-15 12:23:53.579] [140347712555968] [ERROR] [sogou] "sendImeStartToBeacon 105"
[2023-09-15 12:23:53.581] [140347712555968] [ERROR] [sogou] "InitShell 220 ime init"
[2023-09-15 12:23:53.582] [140347712555968] [ERROR] [sogou] "ShellWrapper::Init Init 23 "
[2023-09-15 12:23:53.582] [140347712555968] [ERROR] [sogou] "ShellWrapper::Init Init 36 g_pShell->Init:1"
[2023-09-15 12:23:53.582] [140347712555968] [ERROR] [sogou] "t_sogouIme Init 115 ShellWrapper Res:1"
[2023-09-15 12:23:53.582] [140347712555968] [ERROR] [sogou] "t_sogouIme Init 144 Days:2913281 mode:0"
[2023-09-15 12:23:53.582] [140347712555968] [ERROR] [sogou] "t_sogouIme Init 148 White:0"
[2023-09-15 12:23:53.582] [140347712555968] [ERROR] [sogou] "InitShell 230 ime init:1"
[2023-09-15 12:23:53.940] [140347712555968] [ERROR] [sogou] "out platformkit QDBusMessage type error"
[2023-09-15 12:23:53.940] [140347712555968] [ERROR] [sogou] "The name com.deepin.daemon.Appearance was not provided by any .service files"
[2023-09-15 12:23:53.940] [140347712555968] [ERROR] [sogou] "out platformkit GetOSTheme iface is not Valid return null"
[2023-09-15 12:53:37.728] [139625439206336] [ERROR] [sogou] "GetOSInfo 317 /etc/os-version not existed"
[2023-09-15 12:53:37.728] [139625439206336] [ERROR] [sogou] "GetOSInfo 338 /etc/deepin-version not existed"
[2023-09-15 12:53:37.728] [139625439206336] [ERROR] [sogou] "GetOSInfo 317 /etc/os-version not existed"
[2023-09-15 12:53:37.728] [139625439206336] [ERROR] [sogou] "GetOSInfo 338 /etc/deepin-version not existed"
[2023-09-15 12:53:37.728] [139625439206336] [ERROR] [sogou] "GetOSInfo 317 /etc/os-version not existed"
[2023-09-15 12:53:37.728] [139625439206336] [ERROR] [sogou] "GetOSInfo 338 /etc/deepin-version not existed"
[2023-09-15 12:53:37.729] [139625439206336] [ERROR] [sogou] "IsValidDate 170 local:2023-9-15 pkg:9999-12-31"
[2023-09-15 12:53:37.729] [139625439206336] [ERROR] [sogou] "ComparDate 217 local:2023-09-15 pkg:1000-01-01"
[2023-09-15 12:53:37.729] [139625439206336] [ERROR] [sogou] "ComparDate 217 local:2023-09-15 pkg:9999-12-31"
[2023-09-15 12:53:37.729] [139625439206336] [ERROR] [sogou] "ComparDate 217 local:2023-09-15 pkg:1000-01-01"
[2023-09-15 12:53:37.729] [139625439206336] [ERROR] [sogou] "ComparDate 217 local:2023-09-15 pkg:9999-12-31"
[2023-09-15 12:53:37.760] [139625439206336] [ERROR] [sogou] "CheckSkins 1419 skindir:/home/x14n/.config/sogoupinyin//skin"
[2023-09-15 12:53:37.760] [139625439206336] [ERROR] [sogou] "creatDBusService 84 bRet:1"
[2023-09-15 12:53:37.760] [139625439206336] [ERROR] [sogou] "main 204"
[2023-09-15 12:53:37.762] [139625439206336] [ERROR] [sogou] "sendImeStartToBeacon 105"
[2023-09-15 12:53:37.763] [139625439206336] [ERROR] [sogou] "InitShell 220 ime init"
[2023-09-15 12:53:37.764] [139625439206336] [ERROR] [sogou] "ShellWrapper::Init Init 23 "
[2023-09-15 12:53:37.764] [139625439206336] [ERROR] [sogou] "ShellWrapper::Init Init 36 g_pShell->Init:1"
[2023-09-15 12:53:37.764] [139625439206336] [ERROR] [sogou] "t_sogouIme Init 115 ShellWrapper Res:1"
[2023-09-15 12:53:37.764] [139625439206336] [ERROR] [sogou] "t_sogouIme Init 144 Days:2913281 mode:0"
[2023-09-15 12:53:37.764] [139625439206336] [ERROR] [sogou] "t_sogouIme Init 148 White:0"
[2023-09-15 12:53:37.764] [139625439206336] [ERROR] [sogou] "InitShell 230 ime init:1"
[2023-09-15 12:53:38.077] [139625439206336] [ERROR] [sogou] "out platformkit QDBusMessage type error"
[2023-09-15 12:53:38.077] [139625439206336] [ERROR] [sogou] "The name com.deepin.daemon.Appearance was not provided by any .service files"
[2023-09-15 12:53:38.077] [139625439206336] [ERROR] [sogou] "out platformkit GetOSTheme iface is not Valid return null"
[2023-09-15 12:56:07.439] [140588239113152] [ERROR] [sogou] "GetOSInfo 317 /etc/os-version not existed"
[2023-09-15 12:56:07.439] [140588239113152] [ERROR] [sogou] "GetOSInfo 338 /etc/deepin-version not existed"
[2023-09-15 12:56:07.439] [140588239113152] [ERROR] [sogou] "GetOSInfo 317 /etc/os-version not existed"
[2023-09-15 12:56:07.439] [140588239113152] [ERROR] [sogou] "GetOSInfo 338 /etc/deepin-version not existed"
[2023-09-15 12:56:07.439] [140588239113152] [ERROR] [sogou] "GetOSInfo 317 /etc/os-version not existed"
[2023-09-15 12:56:07.439] [140588239113152] [ERROR] [sogou] "GetOSInfo 338 /etc/deepin-version not existed"
[2023-09-15 12:56:07.441] [140588239113152] [ERROR] [sogou] "IsValidDate 170 local:2023-9-15 pkg:9999-12-31"
[2023-09-15 12:56:07.441] [140588239113152] [ERROR] [sogou] "ComparDate 217 local:2023-09-15 pkg:1000-01-01"
[2023-09-15 12:56:07.441] [140588239113152] [ERROR] [sogou] "ComparDate 217 local:2023-09-15 pkg:9999-12-31"
[2023-09-15 12:56:07.441] [140588239113152] [ERROR] [sogou] "ComparDate 217 local:2023-09-15 pkg:1000-01-01"
[2023-09-15 12:56:07.441] [140588239113152] [ERROR] [sogou] "ComparDate 217 local:2023-09-15 pkg:9999-12-31"
[2023-09-15 12:56:07.472] [140588239113152] [ERROR] [sogou] "CheckSkins 1419 skindir:/home/x14n/.config/sogoupinyin//skin"
[2023-09-15 12:56:07.472] [140588239113152] [ERROR] [sogou] "creatDBusService 84 bRet:1"
[2023-09-15 12:56:07.473] [140588239113152] [ERROR] [sogou] "main 204"
[2023-09-15 12:56:07.475] [140588239113152] [ERROR] [sogou] "sendImeStartToBeacon 105"
[2023-09-15 12:56:07.477] [140588239113152] [ERROR] [sogou] "InitShell 220 ime init"
[2023-09-15 12:56:07.477] [140588239113152] [ERROR] [sogou] "ShellWrapper::Init Init 23 "
[2023-09-15 12:56:07.478] [140588239113152] [ERROR] [sogou] "ShellWrapper::Init Init 36 g_pShell->Init:1"
[2023-09-15 12:56:07.478] [140588239113152] [ERROR] [sogou] "t_sogouIme Init 115 ShellWrapper Res:1"
[2023-09-15 12:56:07.478] [140588239113152] [ERROR] [sogou] "t_sogouIme Init 144 Days:2913281 mode:0"
[2023-09-15 12:56:07.478] [140588239113152] [ERROR] [sogou] "t_sogouIme Init 148 White:0"
[2023-09-15 12:56:07.478] [140588239113152] [ERROR] [sogou] "InitShell 230 ime init:1"
[2023-09-15 12:56:07.831] [140588239113152] [ERROR] [sogou] "out platformkit QDBusMessage type error"
[2023-09-15 12:56:07.831] [140588239113152] [ERROR] [sogou] "The name com.deepin.daemon.Appearance was not provided by any .service files"
[2023-09-15 12:56:07.831] [140588239113152] [ERROR] [sogou] "out platformkit GetOSTheme iface is not Valid return null"
[2023-09-15 13:23:24.694] [140588239113152] [ERROR] [sogou] "(MainController::slot_prepareShutdown) 1694784204"
[2023-09-15 13:25:17.067] [140351567121344] [ERROR] [sogou] "GetOSInfo 317 /etc/os-version not existed"
[2023-09-15 13:25:17.068] [140351567121344] [ERROR] [sogou] "GetOSInfo 338 /etc/deepin-version not existed"
[2023-09-15 13:25:17.068] [140351567121344] [ERROR] [sogou] "GetOSInfo 317 /etc/os-version not existed"
[2023-09-15 13:25:17.068] [140351567121344] [ERROR] [sogou] "GetOSInfo 338 /etc/deepin-version not existed"
[2023-09-15 13:25:17.068] [140351567121344] [ERROR] [sogou] "GetOSInfo 317 /etc/os-version not existed"
[2023-09-15 13:25:17.068] [140351567121344] [ERROR] [sogou] "GetOSInfo 338 /etc/deepin-version not existed"
[2023-09-15 13:25:17.069] [140351567121344] [ERROR] [sogou] "IsValidDate 170 local:2023-9-15 pkg:9999-12-31"
[2023-09-15 13:25:17.069] [140351567121344] [ERROR] [sogou] "ComparDate 217 local:2023-09-15 pkg:1000-01-01"
[2023-09-15 13:25:17.069] [140351567121344] [ERROR] [sogou] "ComparDate 217 local:2023-09-15 pkg:9999-12-31"
[2023-09-15 13:25:17.069] [140351567121344] [ERROR] [sogou] "ComparDate 217 local:2023-09-15 pkg:1000-01-01"
[2023-09-15 13:25:17.069] [140351567121344] [ERROR] [sogou] "ComparDate 217 local:2023-09-15 pkg:9999-12-31"
[2023-09-15 13:25:17.100] [140351567121344] [ERROR] [sogou] "CheckSkins 1419 skindir:/home/x14n/.config/sogoupinyin//skin"
[2023-09-15 13:25:17.100] [140351567121344] [ERROR] [sogou] "creatDBusService 84 bRet:1"
[2023-09-15 13:25:17.101] [140351567121344] [ERROR] [sogou] "main 204"
[2023-09-15 13:25:17.103] [140351567121344] [ERROR] [sogou] "sendImeStartToBeacon 105"
[2023-09-15 13:25:17.104] [140351567121344] [ERROR] [sogou] "InitShell 220 ime init"
[2023-09-15 13:25:17.105] [140351567121344] [ERROR] [sogou] "ShellWrapper::Init Init 23 "
[2023-09-15 13:25:17.105] [140351567121344] [ERROR] [sogou] "ShellWrapper::Init Init 36 g_pShell->Init:1"
[2023-09-15 13:25:17.105] [140351567121344] [ERROR] [sogou] "t_sogouIme Init 115 ShellWrapper Res:1"
[2023-09-15 13:25:17.106] [140351567121344] [ERROR] [sogou] "t_sogouIme Init 144 Days:2913281 mode:0"
[2023-09-15 13:25:17.106] [140351567121344] [ERROR] [sogou] "t_sogouIme Init 148 White:0"
[2023-09-15 13:25:17.106] [140351567121344] [ERROR] [sogou] "InitShell 230 ime init:1"
[2023-09-15 13:25:17.457] [140351567121344] [ERROR] [sogou] "out platformkit QDBusMessage type error"
[2023-09-15 13:25:17.457] [140351567121344] [ERROR] [sogou] "The name com.deepin.daemon.Appearance was not provided by any .service files"
[2023-09-15 13:25:17.457] [140351567121344] [ERROR] [sogou] "out platformkit GetOSTheme iface is not Valid return null"
[2023-09-15 13:29:35.336] [140351567121344] [ERROR] [sogou] "(MainController::slot_prepareSleep) 1694784575"
[2023-09-15 21:09:56.907] [140351567121344] [ERROR] [sogou] "(MainController::slot_prepareSleep) 1694812196"
[2023-09-15 22:11:11.406] [140351567121344] [ERROR] [sogou] "out platformkit QDBusMessage type error"
[2023-09-15 22:11:11.406] [140351567121344] [ERROR] [sogou] "The name com.deepin.daemon.Appearance was not provided by any .service files"
[2023-09-15 22:11:11.406] [140351567121344] [ERROR] [sogou] "out platformkit GetOSTheme iface is not Valid return null"
[2023-09-15 22:53:58.303] [140337590115264] [ERROR] [sogou] "GetOSInfo 317 /etc/os-version not existed"
[2023-09-15 22:53:58.303] [140337590115264] [ERROR] [sogou] "GetOSInfo 338 /etc/deepin-version not existed"
[2023-09-15 22:53:58.303] [140337590115264] [ERROR] [sogou] "GetOSInfo 317 /etc/os-version not existed"
[2023-09-15 22:53:58.303] [140337590115264] [ERROR] [sogou] "GetOSInfo 338 /etc/deepin-version not existed"
[2023-09-15 22:53:58.303] [140337590115264] [ERROR] [sogou] "GetOSInfo 317 /etc/os-version not existed"
[2023-09-15 22:53:58.303] [140337590115264] [ERROR] [sogou] "GetOSInfo 338 /etc/deepin-version not existed"
[2023-09-15 22:53:58.305] [140337590115264] [ERROR] [sogou] "IsValidDate 170 local:2023-9-15 pkg:9999-12-31"
[2023-09-15 22:53:58.305] [140337590115264] [ERROR] [sogou] "ComparDate 217 local:2023-09-15 pkg:1000-01-01"
[2023-09-15 22:53:58.305] [140337590115264] [ERROR] [sogou] "ComparDate 217 local:2023-09-15 pkg:9999-12-31"
[2023-09-15 22:53:58.305] [140337590115264] [ERROR] [sogou] "ComparDate 217 local:2023-09-15 pkg:1000-01-01"
[2023-09-15 22:53:58.305] [140337590115264] [ERROR] [sogou] "ComparDate 217 local:2023-09-15 pkg:9999-12-31"
[2023-09-15 22:53:58.335] [140337590115264] [ERROR] [sogou] "CheckSkins 1419 skindir:/home/x14n/.config/sogoupinyin//skin"
[2023-09-15 22:53:58.335] [140337590115264] [ERROR] [sogou] "creatDBusService 84 bRet:1"
[2023-09-15 22:53:58.336] [140337590115264] [ERROR] [sogou] "main 204"
[2023-09-15 22:53:58.338] [140337590115264] [ERROR] [sogou] "sendImeStartToBeacon 105"
[2023-09-15 22:53:58.340] [140337590115264] [ERROR] [sogou] "InitShell 220 ime init"
[2023-09-15 22:53:58.341] [140337590115264] [ERROR] [sogou] "ShellWrapper::Init Init 23 "
[2023-09-15 22:53:58.341] [140337590115264] [ERROR] [sogou] "ShellWrapper::Init Init 36 g_pShell->Init:1"
[2023-09-15 22:53:58.341] [140337590115264] [ERROR] [sogou] "t_sogouIme Init 115 ShellWrapper Res:1"
[2023-09-15 22:53:58.342] [140337590115264] [ERROR] [sogou] "t_sogouIme Init 144 Days:2913281 mode:0"
[2023-09-15 22:53:58.342] [140337590115264] [ERROR] [sogou] "t_sogouIme Init 148 White:0"
[2023-09-15 22:53:58.342] [140337590115264] [ERROR] [sogou] "InitShell 230 ime init:1"
[2023-09-15 22:53:58.730] [140337590115264] [ERROR] [sogou] "out platformkit QDBusMessage type error"
[2023-09-15 22:53:58.731] [140337590115264] [ERROR] [sogou] "The name com.deepin.daemon.Appearance was not provided by any .service files"
[2023-09-15 22:53:58.731] [140337590115264] [ERROR] [sogou] "out platformkit GetOSTheme iface is not Valid return null"
[2023-09-15 23:36:06.761] [140337590115264] [ERROR] [sogou] "out platformkit QDBusMessage type error"
[2023-09-15 23:36:06.761] [140337590115264] [ERROR] [sogou] "The name com.deepin.daemon.Appearance was not provided by any .service files"
[2023-09-15 23:36:06.761] [140337590115264] [ERROR] [sogou] "out platformkit GetOSTheme iface is not Valid return null"
[2023-09-16 01:49:18.000] [140337590115264] [ERROR] [sogou] "(MainController::slot_prepareSleep) 1694828957"
[2023-09-16 01:50:31.268] [140337590115264] [ERROR] [sogou] "(MainController::slot_prepareSleep) 1694829031"
[2023-09-16 02:04:15.735] [140337590115264] [ERROR] [sogou] "(MainController::slot_prepareSleep) 1694829855"
[2023-09-16 10:22:52.320] [140337590115264] [ERROR] [sogou] "(MainController::slot_prepareSleep) 1694859772"
[2023-09-16 10:23:18.346] [140337590115264] [ERROR] [sogou] "(MainController::slot_prepareSleep) 1694859798"
[2023-09-16 11:22:17.238] [140337590115264] [ERROR] [sogou] "(MainController::slot_prepareSleep) 1694863337"
[2023-09-16 11:34:14.682] [140337590115264] [ERROR] [sogou] "(MainController::slot_prepareSleep) 1694864054"
[2023-09-16 11:59:31.254] [140337590115264] [ERROR] [sogou] "(MainController::slot_prepareSleep) 1694865571"
[2023-09-16 12:11:50.012] [140337590115264] [ERROR] [sogou] "(ServiceProcess CrashHandler) Program exit, signal is 15.time:1694866310"
[2023-09-16 12:12:16.668] [139658508688320] [ERROR] [sogou] "GetOSInfo 317 /etc/os-version not existed"
[2023-09-16 12:12:16.668] [139658508688320] [ERROR] [sogou] "GetOSInfo 338 /etc/deepin-version not existed"
[2023-09-16 12:12:16.668] [139658508688320] [ERROR] [sogou] "GetOSInfo 317 /etc/os-version not existed"
[2023-09-16 12:12:16.668] [139658508688320] [ERROR] [sogou] "GetOSInfo 338 /etc/deepin-version not existed"
[2023-09-16 12:12:16.668] [139658508688320] [ERROR] [sogou] "GetOSInfo 317 /etc/os-version not existed"
[2023-09-16 12:12:16.668] [139658508688320] [ERROR] [sogou] "GetOSInfo 338 /etc/deepin-version not existed"
[2023-09-16 12:12:16.669] [139658508688320] [ERROR] [sogou] "IsValidDate 170 local:2023-9-16 pkg:9999-12-31"
[2023-09-16 12:12:16.669] [139658508688320] [ERROR] [sogou] "ComparDate 217 local:2023-09-16 pkg:1000-01-01"
[2023-09-16 12:12:16.669] [139658508688320] [ERROR] [sogou] "ComparDate 217 local:2023-09-16 pkg:9999-12-31"
[2023-09-16 12:12:16.669] [139658508688320] [ERROR] [sogou] "ComparDate 217 local:2023-09-16 pkg:1000-01-01"
[2023-09-16 12:12:16.669] [139658508688320] [ERROR] [sogou] "ComparDate 217 local:2023-09-16 pkg:9999-12-31"
[2023-09-16 12:12:16.700] [139658508688320] [ERROR] [sogou] "CheckSkins 1419 skindir:/home/x14n/.config/sogoupinyin//skin"
[2023-09-16 12:12:16.700] [139658508688320] [ERROR] [sogou] "creatDBusService 84 bRet:1"
[2023-09-16 12:12:16.701] [139658508688320] [ERROR] [sogou] "main 204"
[2023-09-16 12:12:16.703] [139658508688320] [ERROR] [sogou] "sendImeStartToBeacon 105"
[2023-09-16 12:12:16.706] [139658508688320] [ERROR] [sogou] "InitShell 220 ime init"
[2023-09-16 12:12:16.706] [139658508688320] [ERROR] [sogou] "ShellWrapper::Init Init 23 "
[2023-09-16 12:12:16.707] [139658508688320] [ERROR] [sogou] "ShellWrapper::Init Init 36 g_pShell->Init:1"
[2023-09-16 12:12:16.707] [139658508688320] [ERROR] [sogou] "t_sogouIme Init 115 ShellWrapper Res:1"
[2023-09-16 12:12:16.707] [139658508688320] [ERROR] [sogou] "t_sogouIme Init 144 Days:2913280 mode:0"
[2023-09-16 12:12:16.707] [139658508688320] [ERROR] [sogou] "t_sogouIme Init 148 White:0"
[2023-09-16 12:12:16.707] [139658508688320] [ERROR] [sogou] "InitShell 230 ime init:1"
[2023-09-16 12:12:17.064] [139658508688320] [ERROR] [sogou] "out platformkit QDBusMessage type error"
[2023-09-16 12:12:17.064] [139658508688320] [ERROR] [sogou] "The name com.deepin.daemon.Appearance was not provided by any .service files"
[2023-09-16 12:12:17.064] [139658508688320] [ERROR] [sogou] "out platformkit GetOSTheme iface is not Valid return null"
[2023-09-16 12:31:25.326] [140581799238592] [ERROR] [sogou] "GetOSInfo 317 /etc/os-version not existed"
[2023-09-16 12:31:25.326] [140581799238592] [ERROR] [sogou] "GetOSInfo 338 /etc/deepin-version not existed"
[2023-09-16 12:31:25.326] [140581799238592] [ERROR] [sogou] "GetOSInfo 317 /etc/os-version not existed"
[2023-09-16 12:31:25.326] [140581799238592] [ERROR] [sogou] "GetOSInfo 338 /etc/deepin-version not existed"
[2023-09-16 12:31:25.326] [140581799238592] [ERROR] [sogou] "GetOSInfo 317 /etc/os-version not existed"
[2023-09-16 12:31:25.326] [140581799238592] [ERROR] [sogou] "GetOSInfo 338 /etc/deepin-version not existed"
[2023-09-16 12:31:25.328] [140581799238592] [ERROR] [sogou] "IsValidDate 170 local:2023-9-16 pkg:9999-12-31"
[2023-09-16 12:31:25.328] [140581799238592] [ERROR] [sogou] "ComparDate 217 local:2023-09-16 pkg:1000-01-01"
[2023-09-16 12:31:25.328] [140581799238592] [ERROR] [sogou] "ComparDate 217 local:2023-09-16 pkg:9999-12-31"
[2023-09-16 12:31:25.328] [140581799238592] [ERROR] [sogou] "ComparDate 217 local:2023-09-16 pkg:1000-01-01"
[2023-09-16 12:31:25.328] [140581799238592] [ERROR] [sogou] "ComparDate 217 local:2023-09-16 pkg:9999-12-31"
[2023-09-16 12:31:25.359] [140581799238592] [ERROR] [sogou] "CheckSkins 1419 skindir:/home/x14n/.config/sogoupinyin//skin"
[2023-09-16 12:31:25.359] [140581799238592] [ERROR] [sogou] "creatDBusService 84 bRet:1"
[2023-09-16 12:31:25.360] [140581799238592] [ERROR] [sogou] "main 204"
[2023-09-16 12:31:25.362] [140581799238592] [ERROR] [sogou] "sendImeStartToBeacon 105"
[2023-09-16 12:31:25.364] [140581799238592] [ERROR] [sogou] "InitShell 220 ime init"
[2023-09-16 12:31:25.364] [140581799238592] [ERROR] [sogou] "ShellWrapper::Init Init 23 "
[2023-09-16 12:31:25.365] [140581799238592] [ERROR] [sogou] "ShellWrapper::Init Init 36 g_pShell->Init:1"
[2023-09-16 12:31:25.365] [140581799238592] [ERROR] [sogou] "t_sogouIme Init 115 ShellWrapper Res:1"
[2023-09-16 12:31:25.365] [140581799238592] [ERROR] [sogou] "t_sogouIme Init 144 Days:2913280 mode:0"
[2023-09-16 12:31:25.365] [140581799238592] [ERROR] [sogou] "t_sogouIme Init 148 White:0"
[2023-09-16 12:31:25.365] [140581799238592] [ERROR] [sogou] "InitShell 230 ime init:1"
[2023-09-16 12:31:25.715] [140581799238592] [ERROR] [sogou] "out platformkit QDBusMessage type error"
[2023-09-16 12:31:25.715] [140581799238592] [ERROR] [sogou] "The name com.deepin.daemon.Appearance was not provided by any .service files"
[2023-09-16 12:31:25.715] [140581799238592] [ERROR] [sogou] "out platformkit GetOSTheme iface is not Valid return null"
[2023-09-16 12:37:22.639] [140581799238592] [ERROR] [sogou] "out platformkit QDBusMessage type error"
[2023-09-16 12:37:22.640] [140581799238592] [ERROR] [sogou] "The name com.deepin.daemon.Appearance was not provided by any .service files"
[2023-09-16 12:37:22.640] [140581799238592] [ERROR] [sogou] "out platformkit GetOSTheme iface is not Valid return null"
[2023-09-16 12:40:25.456] [140714751904704] [ERROR] [sogou] "GetOSInfo 317 /etc/os-version not existed"
[2023-09-16 12:40:25.456] [140714751904704] [ERROR] [sogou] "GetOSInfo 338 /etc/deepin-version not existed"
[2023-09-16 12:40:25.456] [140714751904704] [ERROR] [sogou] "GetOSInfo 317 /etc/os-version not existed"
[2023-09-16 12:40:25.456] [140714751904704] [ERROR] [sogou] "GetOSInfo 338 /etc/deepin-version not existed"
[2023-09-16 12:40:25.456] [140714751904704] [ERROR] [sogou] "GetOSInfo 317 /etc/os-version not existed"
[2023-09-16 12:40:25.456] [140714751904704] [ERROR] [sogou] "GetOSInfo 338 /etc/deepin-version not existed"
[2023-09-16 12:40:25.458] [140714751904704] [ERROR] [sogou] "IsValidDate 170 local:2023-9-16 pkg:9999-12-31"
[2023-09-16 12:40:25.458] [140714751904704] [ERROR] [sogou] "ComparDate 217 local:2023-09-16 pkg:1000-01-01"
[2023-09-16 12:40:25.458] [140714751904704] [ERROR] [sogou] "ComparDate 217 local:2023-09-16 pkg:9999-12-31"
[2023-09-16 12:40:25.458] [140714751904704] [ERROR] [sogou] "ComparDate 217 local:2023-09-16 pkg:1000-01-01"
[2023-09-16 12:40:25.458] [140714751904704] [ERROR] [sogou] "ComparDate 217 local:2023-09-16 pkg:9999-12-31"
[2023-09-16 12:40:25.489] [140714751904704] [ERROR] [sogou] "CheckSkins 1419 skindir:/home/x14n/.config/sogoupinyin//skin"
[2023-09-16 12:40:25.489] [140714751904704] [ERROR] [sogou] "creatDBusService 84 bRet:1"
[2023-09-16 12:40:25.490] [140714751904704] [ERROR] [sogou] "main 204"
[2023-09-16 12:40:25.492] [140714751904704] [ERROR] [sogou] "sendImeStartToBeacon 105"
[2023-09-16 12:40:25.494] [140714751904704] [ERROR] [sogou] "InitShell 220 ime init"
[2023-09-16 12:40:25.494] [140714751904704] [ERROR] [sogou] "ShellWrapper::Init Init 23 "
[2023-09-16 12:40:25.495] [140714751904704] [ERROR] [sogou] "ShellWrapper::Init Init 36 g_pShell->Init:1"
[2023-09-16 12:40:25.495] [140714751904704] [ERROR] [sogou] "t_sogouIme Init 115 ShellWrapper Res:1"
[2023-09-16 12:40:25.495] [140714751904704] [ERROR] [sogou] "t_sogouIme Init 144 Days:2913280 mode:0"
[2023-09-16 12:40:25.495] [140714751904704] [ERROR] [sogou] "t_sogouIme Init 148 White:0"
[2023-09-16 12:40:25.495] [140714751904704] [ERROR] [sogou] "InitShell 230 ime init:1"
[2023-09-16 12:40:25.852] [140714751904704] [ERROR] [sogou] "out platformkit QDBusMessage type error"
[2023-09-16 12:40:25.853] [140714751904704] [ERROR] [sogou] "The name com.deepin.daemon.Appearance was not provided by any .service files"
[2023-09-16 12:40:25.853] [140714751904704] [ERROR] [sogou] "out platformkit GetOSTheme iface is not Valid return null"
[2023-09-16 12:43:35.829] [140714751904704] [ERROR] [sogou] "(ServiceProcess CrashHandler) Program exit, signal is 15.time:1694868215"
[2023-09-16 12:43:58.260] [140050388802496] [ERROR] [sogou] "GetOSInfo 317 /etc/os-version not existed"
[2023-09-16 12:43:58.260] [140050388802496] [ERROR] [sogou] "GetOSInfo 338 /etc/deepin-version not existed"
[2023-09-16 12:43:58.260] [140050388802496] [ERROR] [sogou] "GetOSInfo 317 /etc/os-version not existed"
[2023-09-16 12:43:58.260] [140050388802496] [ERROR] [sogou] "GetOSInfo 338 /etc/deepin-version not existed"
[2023-09-16 12:43:58.260] [140050388802496] [ERROR] [sogou] "GetOSInfo 317 /etc/os-version not existed"
[2023-09-16 12:43:58.260] [140050388802496] [ERROR] [sogou] "GetOSInfo 338 /etc/deepin-version not existed"
[2023-09-16 12:43:58.261] [140050388802496] [ERROR] [sogou] "IsValidDate 170 local:2023-9-16 pkg:9999-12-31"
[2023-09-16 12:43:58.261] [140050388802496] [ERROR] [sogou] "ComparDate 217 local:2023-09-16 pkg:1000-01-01"
[2023-09-16 12:43:58.262] [140050388802496] [ERROR] [sogou] "ComparDate 217 local:2023-09-16 pkg:9999-12-31"
[2023-09-16 12:43:58.262] [140050388802496] [ERROR] [sogou] "ComparDate 217 local:2023-09-16 pkg:1000-01-01"
[2023-09-16 12:43:58.262] [140050388802496] [ERROR] [sogou] "ComparDate 217 local:2023-09-16 pkg:9999-12-31"
[2023-09-16 12:43:58.294] [140050388802496] [ERROR] [sogou] "CheckSkins 1419 skindir:/home/x14n/.config/sogoupinyin//skin"
[2023-09-16 12:43:58.294] [140050388802496] [ERROR] [sogou] "creatDBusService 84 bRet:1"
[2023-09-16 12:43:58.295] [140050388802496] [ERROR] [sogou] "main 204"
[2023-09-16 12:43:58.297] [140050388802496] [ERROR] [sogou] "sendImeStartToBeacon 105"
[2023-09-16 12:43:58.299] [140050388802496] [ERROR] [sogou] "InitShell 220 ime init"
[2023-09-16 12:43:58.299] [140050388802496] [ERROR] [sogou] "ShellWrapper::Init Init 23 "
[2023-09-16 12:43:58.300] [140050388802496] [ERROR] [sogou] "ShellWrapper::Init Init 36 g_pShell->Init:1"
[2023-09-16 12:43:58.300] [140050388802496] [ERROR] [sogou] "t_sogouIme Init 115 ShellWrapper Res:1"
[2023-09-16 12:43:58.300] [140050388802496] [ERROR] [sogou] "t_sogouIme Init 144 Days:2913280 mode:0"
[2023-09-16 12:43:58.300] [140050388802496] [ERROR] [sogou] "t_sogouIme Init 148 White:0"
[2023-09-16 12:43:58.300] [140050388802496] [ERROR] [sogou] "InitShell 230 ime init:1"
[2023-09-16 12:43:58.651] [140050388802496] [ERROR] [sogou] "out platformkit QDBusMessage type error"
[2023-09-16 12:43:58.652] [140050388802496] [ERROR] [sogou] "The name com.deepin.daemon.Appearance was not provided by any .service files"
[2023-09-16 12:43:58.652] [140050388802496] [ERROR] [sogou] "out platformkit GetOSTheme iface is not Valid return null"
[2023-09-16 13:01:20.633] [139999280978880] [ERROR] [sogou] "GetOSInfo 317 /etc/os-version not existed"
[2023-09-16 13:01:20.634] [139999280978880] [ERROR] [sogou] "GetOSInfo 338 /etc/deepin-version not existed"
[2023-09-16 13:01:20.634] [139999280978880] [ERROR] [sogou] "GetOSInfo 317 /etc/os-version not existed"
[2023-09-16 13:01:20.634] [139999280978880] [ERROR] [sogou] "GetOSInfo 338 /etc/deepin-version not existed"
[2023-09-16 13:01:20.634] [139999280978880] [ERROR] [sogou] "GetOSInfo 317 /etc/os-version not existed"
[2023-09-16 13:01:20.634] [139999280978880] [ERROR] [sogou] "GetOSInfo 338 /etc/deepin-version not existed"
[2023-09-16 13:01:20.635] [139999280978880] [ERROR] [sogou] "IsValidDate 170 local:2023-9-16 pkg:9999-12-31"
[2023-09-16 13:01:20.635] [139999280978880] [ERROR] [sogou] "ComparDate 217 local:2023-09-16 pkg:1000-01-01"
[2023-09-16 13:01:20.635] [139999280978880] [ERROR] [sogou] "ComparDate 217 local:2023-09-16 pkg:9999-12-31"
[2023-09-16 13:01:20.635] [139999280978880] [ERROR] [sogou] "ComparDate 217 local:2023-09-16 pkg:1000-01-01"
[2023-09-16 13:01:20.635] [139999280978880] [ERROR] [sogou] "ComparDate 217 local:2023-09-16 pkg:9999-12-31"
[2023-09-16 13:01:20.666] [139999280978880] [ERROR] [sogou] "CheckSkins 1419 skindir:/home/x14n/.config/sogoupinyin//skin"
[2023-09-16 13:01:20.666] [139999280978880] [ERROR] [sogou] "creatDBusService 84 bRet:1"
[2023-09-16 13:01:20.667] [139999280978880] [ERROR] [sogou] "main 204"
[2023-09-16 13:01:20.669] [139999280978880] [ERROR] [sogou] "sendImeStartToBeacon 105"
[2023-09-16 13:01:20.671] [139999280978880] [ERROR] [sogou] "InitShell 220 ime init"
[2023-09-16 13:01:20.671] [139999280978880] [ERROR] [sogou] "ShellWrapper::Init Init 23 "
[2023-09-16 13:01:20.672] [139999280978880] [ERROR] [sogou] "ShellWrapper::Init Init 36 g_pShell->Init:1"
[2023-09-16 13:01:20.672] [139999280978880] [ERROR] [sogou] "t_sogouIme Init 115 ShellWrapper Res:1"
[2023-09-16 13:01:20.672] [139999280978880] [ERROR] [sogou] "t_sogouIme Init 144 Days:2913280 mode:0"
[2023-09-16 13:01:20.672] [139999280978880] [ERROR] [sogou] "t_sogouIme Init 148 White:0"
[2023-09-16 13:01:20.672] [139999280978880] [ERROR] [sogou] "InitShell 230 ime init:1"
[2023-09-16 13:01:21.024] [139999280978880] [ERROR] [sogou] "out platformkit QDBusMessage type error"
[2023-09-16 13:01:21.025] [139999280978880] [ERROR] [sogou] "The name com.deepin.daemon.Appearance was not provided by any .service files"
[2023-09-16 13:01:21.025] [139999280978880] [ERROR] [sogou] "out platformkit GetOSTheme iface is not Valid return null"
[2023-09-16 13:10:58.424] [139999280978880] [ERROR] [sogou] "(ServiceProcess CrashHandler) Program exit, signal is 15.time:1694869858"
[2023-09-16 13:11:22.430] [140550146444224] [ERROR] [sogou] "GetOSInfo 317 /etc/os-version not existed"
[2023-09-16 13:11:22.431] [140550146444224] [ERROR] [sogou] "GetOSInfo 338 /etc/deepin-version not existed"
[2023-09-16 13:11:22.431] [140550146444224] [ERROR] [sogou] "GetOSInfo 317 /etc/os-version not existed"
[2023-09-16 13:11:22.431] [140550146444224] [ERROR] [sogou] "GetOSInfo 338 /etc/deepin-version not existed"
[2023-09-16 13:11:22.431] [140550146444224] [ERROR] [sogou] "GetOSInfo 317 /etc/os-version not existed"
[2023-09-16 13:11:22.431] [140550146444224] [ERROR] [sogou] "GetOSInfo 338 /etc/deepin-version not existed"
[2023-09-16 13:11:22.432] [140550146444224] [ERROR] [sogou] "IsValidDate 170 local:2023-9-16 pkg:9999-12-31"
[2023-09-16 13:11:22.432] [140550146444224] [ERROR] [sogou] "ComparDate 217 local:2023-09-16 pkg:1000-01-01"
[2023-09-16 13:11:22.432] [140550146444224] [ERROR] [sogou] "ComparDate 217 local:2023-09-16 pkg:9999-12-31"
[2023-09-16 13:11:22.432] [140550146444224] [ERROR] [sogou] "ComparDate 217 local:2023-09-16 pkg:1000-01-01"
[2023-09-16 13:11:22.432] [140550146444224] [ERROR] [sogou] "ComparDate 217 local:2023-09-16 pkg:9999-12-31"
[2023-09-16 13:11:22.463] [140550146444224] [ERROR] [sogou] "CheckSkins 1419 skindir:/home/x14n/.config/sogoupinyin//skin"
[2023-09-16 13:11:22.463] [140550146444224] [ERROR] [sogou] "creatDBusService 84 bRet:1"
[2023-09-16 13:11:22.464] [140550146444224] [ERROR] [sogou] "main 204"
[2023-09-16 13:11:22.466] [140550146444224] [ERROR] [sogou] "sendImeStartToBeacon 105"
[2023-09-16 13:11:22.468] [140550146444224] [ERROR] [sogou] "InitShell 220 ime init"
[2023-09-16 13:11:22.468] [140550146444224] [ERROR] [sogou] "ShellWrapper::Init Init 23 "
[2023-09-16 13:11:22.469] [140550146444224] [ERROR] [sogou] "ShellWrapper::Init Init 36 g_pShell->Init:1"
[2023-09-16 13:11:22.469] [140550146444224] [ERROR] [sogou] "t_sogouIme Init 115 ShellWrapper Res:1"
[2023-09-16 13:11:22.469] [140550146444224] [ERROR] [sogou] "t_sogouIme Init 144 Days:2913280 mode:0"
[2023-09-16 13:11:22.469] [140550146444224] [ERROR] [sogou] "t_sogouIme Init 148 White:0"
[2023-09-16 13:11:22.469] [140550146444224] [ERROR] [sogou] "InitShell 230 ime init:1"
[2023-09-16 13:11:22.857] [140550146444224] [ERROR] [sogou] "out platformkit QDBusMessage type error"
[2023-09-16 13:11:22.858] [140550146444224] [ERROR] [sogou] "The name com.deepin.daemon.Appearance was not provided by any .service files"
[2023-09-16 13:11:22.858] [140550146444224] [ERROR] [sogou] "out platformkit GetOSTheme iface is not Valid return null"
[2023-09-16 13:34:08.408] [140550146444224] [ERROR] [sogou] "(MainController::slot_prepareShutdown) 1694871248"
[2023-09-16 13:36:03.869] [140318153710528] [ERROR] [sogou] "GetOSInfo 317 /etc/os-version not existed"
[2023-09-16 13:36:03.869] [140318153710528] [ERROR] [sogou] "GetOSInfo 338 /etc/deepin-version not existed"
[2023-09-16 13:36:03.869] [140318153710528] [ERROR] [sogou] "GetOSInfo 317 /etc/os-version not existed"
[2023-09-16 13:36:03.869] [140318153710528] [ERROR] [sogou] "GetOSInfo 338 /etc/deepin-version not existed"
[2023-09-16 13:36:03.869] [140318153710528] [ERROR] [sogou] "GetOSInfo 317 /etc/os-version not existed"
[2023-09-16 13:36:03.869] [140318153710528] [ERROR] [sogou] "GetOSInfo 338 /etc/deepin-version not existed"
[2023-09-16 13:36:03.870] [140318153710528] [ERROR] [sogou] "IsValidDate 170 local:2023-9-16 pkg:9999-12-31"
[2023-09-16 13:36:03.870] [140318153710528] [ERROR] [sogou] "ComparDate 217 local:2023-09-16 pkg:1000-01-01"
[2023-09-16 13:36:03.870] [140318153710528] [ERROR] [sogou] "ComparDate 217 local:2023-09-16 pkg:9999-12-31"
[2023-09-16 13:36:03.870] [140318153710528] [ERROR] [sogou] "ComparDate 217 local:2023-09-16 pkg:1000-01-01"
[2023-09-16 13:36:03.870] [140318153710528] [ERROR] [sogou] "ComparDate 217 local:2023-09-16 pkg:9999-12-31"
[2023-09-16 13:36:03.901] [140318153710528] [ERROR] [sogou] "CheckSkins 1419 skindir:/home/x14n/.config/sogoupinyin//skin"
[2023-09-16 13:36:03.901] [140318153710528] [ERROR] [sogou] "creatDBusService 84 bRet:1"
[2023-09-16 13:36:03.902] [140318153710528] [ERROR] [sogou] "main 204"
[2023-09-16 13:36:03.904] [140318153710528] [ERROR] [sogou] "sendImeStartToBeacon 105"
[2023-09-16 13:36:03.906] [140318153710528] [ERROR] [sogou] "InitShell 220 ime init"
[2023-09-16 13:36:03.907] [140318153710528] [ERROR] [sogou] "ShellWrapper::Init Init 23 "
[2023-09-16 13:36:03.907] [140318153710528] [ERROR] [sogou] "ShellWrapper::Init Init 36 g_pShell->Init:1"
[2023-09-16 13:36:03.907] [140318153710528] [ERROR] [sogou] "t_sogouIme Init 115 ShellWrapper Res:1"
[2023-09-16 13:36:03.908] [140318153710528] [ERROR] [sogou] "t_sogouIme Init 144 Days:2913280 mode:0"
[2023-09-16 13:36:03.908] [140318153710528] [ERROR] [sogou] "t_sogouIme Init 148 White:0"
[2023-09-16 13:36:03.908] [140318153710528] [ERROR] [sogou] "InitShell 230 ime init:1"
[2023-09-16 13:36:04.296] [140318153710528] [ERROR] [sogou] "out platformkit QDBusMessage type error"
[2023-09-16 13:36:04.296] [140318153710528] [ERROR] [sogou] "The name com.deepin.daemon.Appearance was not provided by any .service files"
[2023-09-16 13:36:04.296] [140318153710528] [ERROR] [sogou] "out platformkit GetOSTheme iface is not Valid return null"
[2023-09-16 13:37:15.605] [140318153710528] [ERROR] [sogou] "(ServiceProcess CrashHandler) Program exit, signal is 15.time:1694871435"
[2023-09-16 13:37:39.230] [140048574794688] [ERROR] [sogou] "GetOSInfo 317 /etc/os-version not existed"
[2023-09-16 13:37:39.230] [140048574794688] [ERROR] [sogou] "GetOSInfo 338 /etc/deepin-version not existed"
[2023-09-16 13:37:39.230] [140048574794688] [ERROR] [sogou] "GetOSInfo 317 /etc/os-version not existed"
[2023-09-16 13:37:39.230] [140048574794688] [ERROR] [sogou] "GetOSInfo 338 /etc/deepin-version not existed"
[2023-09-16 13:37:39.230] [140048574794688] [ERROR] [sogou] "GetOSInfo 317 /etc/os-version not existed"
[2023-09-16 13:37:39.230] [140048574794688] [ERROR] [sogou] "GetOSInfo 338 /etc/deepin-version not existed"
[2023-09-16 13:37:39.232] [140048574794688] [ERROR] [sogou] "IsValidDate 170 local:2023-9-16 pkg:9999-12-31"
[2023-09-16 13:37:39.232] [140048574794688] [ERROR] [sogou] "ComparDate 217 local:2023-09-16 pkg:1000-01-01"
[2023-09-16 13:37:39.232] [140048574794688] [ERROR] [sogou] "ComparDate 217 local:2023-09-16 pkg:9999-12-31"
[2023-09-16 13:37:39.232] [140048574794688] [ERROR] [sogou] "ComparDate 217 local:2023-09-16 pkg:1000-01-01"
[2023-09-16 13:37:39.232] [140048574794688] [ERROR] [sogou] "ComparDate 217 local:2023-09-16 pkg:9999-12-31"
[2023-09-16 13:37:39.263] [140048574794688] [ERROR] [sogou] "CheckSkins 1419 skindir:/home/x14n/.config/sogoupinyin//skin"
[2023-09-16 13:37:39.263] [140048574794688] [ERROR] [sogou] "creatDBusService 84 bRet:1"
[2023-09-16 13:37:39.263] [140048574794688] [ERROR] [sogou] "main 204"
[2023-09-16 13:37:39.265] [140048574794688] [ERROR] [sogou] "sendImeStartToBeacon 105"
[2023-09-16 13:37:39.267] [140048574794688] [ERROR] [sogou] "InitShell 220 ime init"
[2023-09-16 13:37:39.268] [140048574794688] [ERROR] [sogou] "ShellWrapper::Init Init 23 "
[2023-09-16 13:37:39.268] [140048574794688] [ERROR] [sogou] "ShellWrapper::Init Init 36 g_pShell->Init:1"
[2023-09-16 13:37:39.268] [140048574794688] [ERROR] [sogou] "t_sogouIme Init 115 ShellWrapper Res:1"
[2023-09-16 13:37:39.269] [140048574794688] [ERROR] [sogou] "t_sogouIme Init 144 Days:2913280 mode:0"
[2023-09-16 13:37:39.269] [140048574794688] [ERROR] [sogou] "t_sogouIme Init 148 White:0"
[2023-09-16 13:37:39.269] [140048574794688] [ERROR] [sogou] "InitShell 230 ime init:1"
[2023-09-16 13:37:39.625] [140048574794688] [ERROR] [sogou] "out platformkit QDBusMessage type error"
[2023-09-16 13:37:39.626] [140048574794688] [ERROR] [sogou] "The name com.deepin.daemon.Appearance was not provided by any .service files"
[2023-09-16 13:37:39.626] [140048574794688] [ERROR] [sogou] "out platformkit GetOSTheme iface is not Valid return null"
[2023-09-16 13:40:11.000] [140048574794688] [ERROR] [sogou] "(ServiceProcess CrashHandler) Program exit, signal is 1.time:1694871611"
[2023-09-16 13:40:32.788] [140157268057024] [ERROR] [sogou] "GetOSInfo 317 /etc/os-version not existed"
[2023-09-16 13:40:32.788] [140157268057024] [ERROR] [sogou] "GetOSInfo 338 /etc/deepin-version not existed"
[2023-09-16 13:40:32.788] [140157268057024] [ERROR] [sogou] "GetOSInfo 317 /etc/os-version not existed"
[2023-09-16 13:40:32.788] [140157268057024] [ERROR] [sogou] "GetOSInfo 338 /etc/deepin-version not existed"
[2023-09-16 13:40:32.788] [140157268057024] [ERROR] [sogou] "GetOSInfo 317 /etc/os-version not existed"
[2023-09-16 13:40:32.788] [140157268057024] [ERROR] [sogou] "GetOSInfo 338 /etc/deepin-version not existed"
[2023-09-16 13:40:32.790] [140157268057024] [ERROR] [sogou] "IsValidDate 170 local:2023-9-16 pkg:9999-12-31"
[2023-09-16 13:40:32.790] [140157268057024] [ERROR] [sogou] "ComparDate 217 local:2023-09-16 pkg:1000-01-01"
[2023-09-16 13:40:32.790] [140157268057024] [ERROR] [sogou] "ComparDate 217 local:2023-09-16 pkg:9999-12-31"
[2023-09-16 13:40:32.790] [140157268057024] [ERROR] [sogou] "ComparDate 217 local:2023-09-16 pkg:1000-01-01"
[2023-09-16 13:40:32.790] [140157268057024] [ERROR] [sogou] "ComparDate 217 local:2023-09-16 pkg:9999-12-31"
[2023-09-16 13:40:32.820] [140157268057024] [ERROR] [sogou] "CheckSkins 1419 skindir:/home/x14n/.config/sogoupinyin//skin"
[2023-09-16 13:40:32.820] [140157268057024] [ERROR] [sogou] "creatDBusService 84 bRet:1"
[2023-09-16 13:40:32.821] [140157268057024] [ERROR] [sogou] "main 204"
[2023-09-16 13:40:32.824] [140157268057024] [ERROR] [sogou] "sendImeStartToBeacon 105"
[2023-09-16 13:40:32.826] [140157268057024] [ERROR] [sogou] "InitShell 220 ime init"
[2023-09-16 13:40:32.827] [140157268057024] [ERROR] [sogou] "ShellWrapper::Init Init 23 "
[2023-09-16 13:40:32.827] [140157268057024] [ERROR] [sogou] "ShellWrapper::Init Init 36 g_pShell->Init:1"
[2023-09-16 13:40:32.827] [140157268057024] [ERROR] [sogou] "t_sogouIme Init 115 ShellWrapper Res:1"
[2023-09-16 13:40:32.827] [140157268057024] [ERROR] [sogou] "t_sogouIme Init 144 Days:2913280 mode:0"
[2023-09-16 13:40:32.827] [140157268057024] [ERROR] [sogou] "t_sogouIme Init 148 White:0"
[2023-09-16 13:40:32.827] [140157268057024] [ERROR] [sogou] "InitShell 230 ime init:1"
[2023-09-16 13:40:33.178] [140157268057024] [ERROR] [sogou] "out platformkit QDBusMessage type error"
[2023-09-16 13:40:33.178] [140157268057024] [ERROR] [sogou] "The name com.deepin.daemon.Appearance was not provided by any .service files"
[2023-09-16 13:40:33.178] [140157268057024] [ERROR] [sogou] "out platformkit GetOSTheme iface is not Valid return null"
[2023-09-16 13:49:19.794] [140157268057024] [ERROR] [sogou] "(MainController::slot_prepareShutdown) 1694872159"
[2023-09-16 13:49:20.802] [140157162346176] [ERROR] [sogou] "(ServiceProcess CrashHandler) Program crashes, del wbd"
[2023-09-16 13:49:20.802] [140157162346176] [ERROR] [sogou] "(ServiceProcess CrashHandler) Program crashes, signal is 11."
[2023-09-16 13:49:20.803] [140157268057024] [ERROR] [sogou] "(ServiceProcess CrashHandler) Program crashes, del wbd"
[2023-09-16 13:49:20.803] [140157268057024] [ERROR] [sogou] "(ServiceProcess CrashHandler) Program crashes, signal is 6."
[2023-09-16 13:49:45.992] [139697591212992] [ERROR] [sogou] "GetOSInfo 317 /etc/os-version not existed"
[2023-09-16 13:49:45.993] [139697591212992] [ERROR] [sogou] "GetOSInfo 338 /etc/deepin-version not existed"
[2023-09-16 13:49:45.993] [139697591212992] [ERROR] [sogou] "GetOSInfo 317 /etc/os-version not existed"
[2023-09-16 13:49:45.993] [139697591212992] [ERROR] [sogou] "GetOSInfo 338 /etc/deepin-version not existed"
[2023-09-16 13:49:45.993] [139697591212992] [ERROR] [sogou] "GetOSInfo 317 /etc/os-version not existed"
[2023-09-16 13:49:45.993] [139697591212992] [ERROR] [sogou] "GetOSInfo 338 /etc/deepin-version not existed"
[2023-09-16 13:49:45.994] [139697591212992] [ERROR] [sogou] "IsValidDate 170 local:2023-9-16 pkg:9999-12-31"
[2023-09-16 13:49:45.994] [139697591212992] [ERROR] [sogou] "ComparDate 217 local:2023-09-16 pkg:1000-01-01"
[2023-09-16 13:49:45.994] [139697591212992] [ERROR] [sogou] "ComparDate 217 local:2023-09-16 pkg:9999-12-31"
[2023-09-16 13:49:45.994] [139697591212992] [ERROR] [sogou] "ComparDate 217 local:2023-09-16 pkg:1000-01-01"
[2023-09-16 13:49:45.994] [139697591212992] [ERROR] [sogou] "ComparDate 217 local:2023-09-16 pkg:9999-12-31"
[2023-09-16 13:49:46.025] [139697591212992] [ERROR] [sogou] "CheckSkins 1419 skindir:/home/x14n/.config/sogoupinyin//skin"
[2023-09-16 13:49:46.025] [139697591212992] [ERROR] [sogou] "creatDBusService 84 bRet:1"
[2023-09-16 13:49:46.026] [139697591212992] [ERROR] [sogou] "main 204"
[2023-09-16 13:49:46.028] [139697591212992] [ERROR] [sogou] "sendImeStartToBeacon 105"
[2023-09-16 13:49:46.030] [139697591212992] [ERROR] [sogou] "InitShell 220 ime init"
[2023-09-16 13:49:46.030] [139697591212992] [ERROR] [sogou] "ShellWrapper::Init Init 23 "
[2023-09-16 13:49:46.031] [139697591212992] [ERROR] [sogou] "ShellWrapper::Init Init 36 g_pShell->Init:1"
[2023-09-16 13:49:46.031] [139697591212992] [ERROR] [sogou] "t_sogouIme Init 115 ShellWrapper Res:1"
[2023-09-16 13:49:46.031] [139697591212992] [ERROR] [sogou] "t_sogouIme Init 144 Days:2913280 mode:0"
[2023-09-16 13:49:46.031] [139697591212992] [ERROR] [sogou] "t_sogouIme Init 148 White:0"
[2023-09-16 13:49:46.031] [139697591212992] [ERROR] [sogou] "InitShell 230 ime init:1"
[2023-09-16 13:49:46.418] [139697591212992] [ERROR] [sogou] "out platformkit QDBusMessage type error"
[2023-09-16 13:49:46.419] [139697591212992] [ERROR] [sogou] "The name com.deepin.daemon.Appearance was not provided by any .service files"
[2023-09-16 13:49:46.419] [139697591212992] [ERROR] [sogou] "out platformkit GetOSTheme iface is not Valid return null"
[2023-09-16 13:56:02.110] [140487434542016] [ERROR] [sogou] "GetOSInfo 317 /etc/os-version not existed"
[2023-09-16 13:56:02.110] [140487434542016] [ERROR] [sogou] "GetOSInfo 338 /etc/deepin-version not existed"
[2023-09-16 13:56:02.110] [140487434542016] [ERROR] [sogou] "GetOSInfo 317 /etc/os-version not existed"
[2023-09-16 13:56:02.110] [140487434542016] [ERROR] [sogou] "GetOSInfo 338 /etc/deepin-version not existed"
[2023-09-16 13:56:02.110] [140487434542016] [ERROR] [sogou] "GetOSInfo 317 /etc/os-version not existed"
[2023-09-16 13:56:02.110] [140487434542016] [ERROR] [sogou] "GetOSInfo 338 /etc/deepin-version not existed"
[2023-09-16 13:56:02.112] [140487434542016] [ERROR] [sogou] "IsValidDate 170 local:2023-9-16 pkg:9999-12-31"
[2023-09-16 13:56:02.112] [140487434542016] [ERROR] [sogou] "ComparDate 217 local:2023-09-16 pkg:1000-01-01"
[2023-09-16 13:56:02.112] [140487434542016] [ERROR] [sogou] "ComparDate 217 local:2023-09-16 pkg:9999-12-31"
[2023-09-16 13:56:02.112] [140487434542016] [ERROR] [sogou] "ComparDate 217 local:2023-09-16 pkg:1000-01-01"
[2023-09-16 13:56:02.112] [140487434542016] [ERROR] [sogou] "ComparDate 217 local:2023-09-16 pkg:9999-12-31"
[2023-09-16 13:56:02.142] [140487434542016] [ERROR] [sogou] "CheckSkins 1419 skindir:/home/x14n/.config/sogoupinyin//skin"
[2023-09-16 13:56:02.142] [140487434542016] [ERROR] [sogou] "creatDBusService 84 bRet:1"
[2023-09-16 13:56:02.143] [140487434542016] [ERROR] [sogou] "main 204"
[2023-09-16 13:56:02.145] [140487434542016] [ERROR] [sogou] "sendImeStartToBeacon 105"
[2023-09-16 13:56:02.147] [140487434542016] [ERROR] [sogou] "InitShell 220 ime init"
[2023-09-16 13:56:02.148] [140487434542016] [ERROR] [sogou] "ShellWrapper::Init Init 23 "
[2023-09-16 13:56:02.148] [140487434542016] [ERROR] [sogou] "ShellWrapper::Init Init 36 g_pShell->Init:1"
[2023-09-16 13:56:02.148] [140487434542016] [ERROR] [sogou] "t_sogouIme Init 115 ShellWrapper Res:1"
[2023-09-16 13:56:02.149] [140487434542016] [ERROR] [sogou] "t_sogouIme Init 144 Days:2913280 mode:0"
[2023-09-16 13:56:02.149] [140487434542016] [ERROR] [sogou] "t_sogouIme Init 148 White:0"
[2023-09-16 13:56:02.149] [140487434542016] [ERROR] [sogou] "InitShell 230 ime init:1"
[2023-09-16 13:56:02.505] [140487434542016] [ERROR] [sogou] "out platformkit QDBusMessage type error"
[2023-09-16 13:56:02.505] [140487434542016] [ERROR] [sogou] "The name com.deepin.daemon.Appearance was not provided by any .service files"
[2023-09-16 13:56:02.505] [140487434542016] [ERROR] [sogou] "out platformkit GetOSTheme iface is not Valid return null"
[2023-09-16 14:00:53.439] [140487434542016] [ERROR] [sogou] "out platformkit QDBusMessage type error"
[2023-09-16 14:00:53.440] [140487434542016] [ERROR] [sogou] "The name com.deepin.daemon.Appearance was not provided by any .service files"
[2023-09-16 14:00:53.440] [140487434542016] [ERROR] [sogou] "out platformkit GetOSTheme iface is not Valid return null"
[2023-09-16 14:23:32.411] [139719041067968] [ERROR] [sogou] "GetOSInfo 317 /etc/os-version not existed"
[2023-09-16 14:23:32.411] [139719041067968] [ERROR] [sogou] "GetOSInfo 338 /etc/deepin-version not existed"
[2023-09-16 14:23:32.411] [139719041067968] [ERROR] [sogou] "GetOSInfo 317 /etc/os-version not existed"
[2023-09-16 14:23:32.411] [139719041067968] [ERROR] [sogou] "GetOSInfo 338 /etc/deepin-version not existed"
[2023-09-16 14:23:32.411] [139719041067968] [ERROR] [sogou] "GetOSInfo 317 /etc/os-version not existed"
[2023-09-16 14:23:32.411] [139719041067968] [ERROR] [sogou] "GetOSInfo 338 /etc/deepin-version not existed"
[2023-09-16 14:23:32.412] [139719041067968] [ERROR] [sogou] "IsValidDate 170 local:2023-9-16 pkg:9999-12-31"
[2023-09-16 14:23:32.412] [139719041067968] [ERROR] [sogou] "ComparDate 217 local:2023-09-16 pkg:1000-01-01"
[2023-09-16 14:23:32.413] [139719041067968] [ERROR] [sogou] "ComparDate 217 local:2023-09-16 pkg:9999-12-31"
[2023-09-16 14:23:32.413] [139719041067968] [ERROR] [sogou] "ComparDate 217 local:2023-09-16 pkg:1000-01-01"
[2023-09-16 14:23:32.413] [139719041067968] [ERROR] [sogou] "ComparDate 217 local:2023-09-16 pkg:9999-12-31"
[2023-09-16 14:23:32.444] [139719041067968] [ERROR] [sogou] "CheckSkins 1419 skindir:/home/x14n/.config/sogoupinyin//skin"
[2023-09-16 14:23:32.444] [139719041067968] [ERROR] [sogou] "creatDBusService 84 bRet:1"
[2023-09-16 14:23:32.444] [139719041067968] [ERROR] [sogou] "main 204"
[2023-09-16 14:23:32.447] [139719041067968] [ERROR] [sogou] "sendImeStartToBeacon 105"
[2023-09-16 14:23:32.449] [139719041067968] [ERROR] [sogou] "InitShell 220 ime init"
[2023-09-16 14:23:32.449] [139719041067968] [ERROR] [sogou] "ShellWrapper::Init Init 23 "
[2023-09-16 14:23:32.450] [139719041067968] [ERROR] [sogou] "ShellWrapper::Init Init 36 g_pShell->Init:1"
[2023-09-16 14:23:32.450] [139719041067968] [ERROR] [sogou] "t_sogouIme Init 115 ShellWrapper Res:1"
[2023-09-16 14:23:32.450] [139719041067968] [ERROR] [sogou] "t_sogouIme Init 144 Days:2913280 mode:0"
[2023-09-16 14:23:32.450] [139719041067968] [ERROR] [sogou] "t_sogouIme Init 148 White:0"
[2023-09-16 14:23:32.450] [139719041067968] [ERROR] [sogou] "InitShell 230 ime init:1"
[2023-09-16 14:23:32.802] [139719041067968] [ERROR] [sogou] "out platformkit QDBusMessage type error"
[2023-09-16 14:23:32.802] [139719041067968] [ERROR] [sogou] "The name com.deepin.daemon.Appearance was not provided by any .service files"
[2023-09-16 14:23:32.802] [139719041067968] [ERROR] [sogou] "out platformkit GetOSTheme iface is not Valid return null"
[2023-09-16 14:25:18.596] [139719041067968] [ERROR] [sogou] "(ServiceProcess CrashHandler) Program exit, signal is 15.time:1694874318"
[2023-09-16 14:25:44.901] [139948546653120] [ERROR] [sogou] "GetOSInfo 317 /etc/os-version not existed"
[2023-09-16 14:25:44.901] [139948546653120] [ERROR] [sogou] "GetOSInfo 338 /etc/deepin-version not existed"
[2023-09-16 14:25:44.901] [139948546653120] [ERROR] [sogou] "GetOSInfo 317 /etc/os-version not existed"
[2023-09-16 14:25:44.901] [139948546653120] [ERROR] [sogou] "GetOSInfo 338 /etc/deepin-version not existed"
[2023-09-16 14:25:44.901] [139948546653120] [ERROR] [sogou] "GetOSInfo 317 /etc/os-version not existed"
[2023-09-16 14:25:44.901] [139948546653120] [ERROR] [sogou] "GetOSInfo 338 /etc/deepin-version not existed"
[2023-09-16 14:25:44.903] [139948546653120] [ERROR] [sogou] "IsValidDate 170 local:2023-9-16 pkg:9999-12-31"
[2023-09-16 14:25:44.903] [139948546653120] [ERROR] [sogou] "ComparDate 217 local:2023-09-16 pkg:1000-01-01"
[2023-09-16 14:25:44.903] [139948546653120] [ERROR] [sogou] "ComparDate 217 local:2023-09-16 pkg:9999-12-31"
[2023-09-16 14:25:44.903] [139948546653120] [ERROR] [sogou] "ComparDate 217 local:2023-09-16 pkg:1000-01-01"
[2023-09-16 14:25:44.903] [139948546653120] [ERROR] [sogou] "ComparDate 217 local:2023-09-16 pkg:9999-12-31"
[2023-09-16 14:25:44.933] [139948546653120] [ERROR] [sogou] "CheckSkins 1419 skindir:/home/x14n/.config/sogoupinyin//skin"
[2023-09-16 14:25:44.933] [139948546653120] [ERROR] [sogou] "creatDBusService 84 bRet:1"
[2023-09-16 14:25:44.934] [139948546653120] [ERROR] [sogou] "main 204"
[2023-09-16 14:25:44.937] [139948546653120] [ERROR] [sogou] "sendImeStartToBeacon 105"
[2023-09-16 14:25:44.939] [139948546653120] [ERROR] [sogou] "InitShell 220 ime init"
[2023-09-16 14:25:44.939] [139948546653120] [ERROR] [sogou] "ShellWrapper::Init Init 23 "
[2023-09-16 14:25:44.940] [139948546653120] [ERROR] [sogou] "ShellWrapper::Init Init 36 g_pShell->Init:1"
[2023-09-16 14:25:44.940] [139948546653120] [ERROR] [sogou] "t_sogouIme Init 115 ShellWrapper Res:1"
[2023-09-16 14:25:44.940] [139948546653120] [ERROR] [sogou] "t_sogouIme Init 144 Days:2913280 mode:0"
[2023-09-16 14:25:44.940] [139948546653120] [ERROR] [sogou] "t_sogouIme Init 148 White:0"
[2023-09-16 14:25:44.940] [139948546653120] [ERROR] [sogou] "InitShell 230 ime init:1"
[2023-09-16 14:25:45.296] [139948546653120] [ERROR] [sogou] "out platformkit QDBusMessage type error"
[2023-09-16 14:25:45.297] [139948546653120] [ERROR] [sogou] "The name com.deepin.daemon.Appearance was not provided by any .service files"
[2023-09-16 14:25:45.297] [139948546653120] [ERROR] [sogou] "out platformkit GetOSTheme iface is not Valid return null"
[2023-09-16 14:27:18.064] [139948546653120] [ERROR] [sogou] "(ServiceProcess CrashHandler) Program exit, signal is 15.time:1694874438"
[2023-09-16 14:27:42.436] [139628464647104] [ERROR] [sogou] "GetOSInfo 317 /etc/os-version not existed"
[2023-09-16 14:27:42.436] [139628464647104] [ERROR] [sogou] "GetOSInfo 338 /etc/deepin-version not existed"
[2023-09-16 14:27:42.436] [139628464647104] [ERROR] [sogou] "GetOSInfo 317 /etc/os-version not existed"
[2023-09-16 14:27:42.436] [139628464647104] [ERROR] [sogou] "GetOSInfo 338 /etc/deepin-version not existed"
[2023-09-16 14:27:42.436] [139628464647104] [ERROR] [sogou] "GetOSInfo 317 /etc/os-version not existed"
[2023-09-16 14:27:42.436] [139628464647104] [ERROR] [sogou] "GetOSInfo 338 /etc/deepin-version not existed"
[2023-09-16 14:27:42.438] [139628464647104] [ERROR] [sogou] "IsValidDate 170 local:2023-9-16 pkg:9999-12-31"
[2023-09-16 14:27:42.438] [139628464647104] [ERROR] [sogou] "ComparDate 217 local:2023-09-16 pkg:1000-01-01"
[2023-09-16 14:27:42.438] [139628464647104] [ERROR] [sogou] "ComparDate 217 local:2023-09-16 pkg:9999-12-31"
[2023-09-16 14:27:42.438] [139628464647104] [ERROR] [sogou] "ComparDate 217 local:2023-09-16 pkg:1000-01-01"
[2023-09-16 14:27:42.438] [139628464647104] [ERROR] [sogou] "ComparDate 217 local:2023-09-16 pkg:9999-12-31"
[2023-09-16 14:27:42.468] [139628464647104] [ERROR] [sogou] "CheckSkins 1419 skindir:/home/x14n/.config/sogoupinyin//skin"
[2023-09-16 14:27:42.468] [139628464647104] [ERROR] [sogou] "creatDBusService 84 bRet:1"
[2023-09-16 14:27:42.469] [139628464647104] [ERROR] [sogou] "main 204"
[2023-09-16 14:27:42.472] [139628464647104] [ERROR] [sogou] "sendImeStartToBeacon 105"
[2023-09-16 14:27:42.474] [139628464647104] [ERROR] [sogou] "InitShell 220 ime init"
[2023-09-16 14:27:42.475] [139628464647104] [ERROR] [sogou] "ShellWrapper::Init Init 23 "
[2023-09-16 14:27:42.475] [139628464647104] [ERROR] [sogou] "ShellWrapper::Init Init 36 g_pShell->Init:1"
[2023-09-16 14:27:42.475] [139628464647104] [ERROR] [sogou] "t_sogouIme Init 115 ShellWrapper Res:1"
[2023-09-16 14:27:42.475] [139628464647104] [ERROR] [sogou] "t_sogouIme Init 144 Days:2913280 mode:0"
[2023-09-16 14:27:42.475] [139628464647104] [ERROR] [sogou] "t_sogouIme Init 148 White:0"
[2023-09-16 14:27:42.475] [139628464647104] [ERROR] [sogou] "InitShell 230 ime init:1"
[2023-09-16 14:27:42.830] [139628464647104] [ERROR] [sogou] "out platformkit QDBusMessage type error"
[2023-09-16 14:27:42.831] [139628464647104] [ERROR] [sogou] "The name com.deepin.daemon.Appearance was not provided by any .service files"
[2023-09-16 14:27:42.831] [139628464647104] [ERROR] [sogou] "out platformkit GetOSTheme iface is not Valid return null"
